 å·²åŠ è½½ç¯å¢ƒå˜é‡æ–‡ä»¶: /home/deepsearch/deep-searcher/.env
/home/deepsearch/deep-searcher/.venv/lib/python3.12/site-packages/milvus_lite/__init__.py:15: UserWarning: pkg_resources is deprecated as an API. See https://setuptools.pypa.io/en/latest/pkg_resources.html. The pkg_resources package is slated for removal as early as 2025-11-30. Refrain from using this package or pin to Setuptools<81.
  from pkg_resources import DistributionNotFound, get_distribution
INFO:mcp.coordinator:å¼€å§‹åˆå§‹åŒ–MCPåè°ƒå™¨...
INFO:mcp_agents.project_manager.project_manager_agent:ğŸ” è·å–åˆ°é¡¹ç›®ç®¡ç†Agent LLMé…ç½®: {'type': 'deepseek', 'provider': 'DeepSeek', 'model': 'deepseek-reasoner', 'api_key': 'sk-327d528f4c374968b6a1c56ac32ea113', 'base_url': '', 'temperature': 0.2, 'max_tokens': 16000}
INFO:mcp_agents.project_manager.project_manager_agent:âœ… é¡¹ç›®ç®¡ç†Agent LLMåˆå§‹åŒ–æˆåŠŸï¼ˆä½¿ç”¨é…ç½®åŠ è½½å™¨ï¼‰
INFO:mcp_agents.harmonyos.project_analyzer:æ‰«æé¡¹ç›®ç»“æ„å®Œæˆ: 10 ä¸ªç›®å½•
INFO:mcp_agents.code_checker.code_checker_agent:âœ… CodeChecker Agent code_checker åˆå§‹åŒ–å®Œæˆ
INFO:mcp_agents.code_checker.code_checker_agent:   - æ”¯æŒçš„è¯­è¨€: c, c++, cpp
INFO:mcp_agents.code_checker.code_checker_agent:   - å¯ç”¨æ£€æŸ¥å™¨: ['cppcheck', 'codelinter']
INFO:mcp.agent.project_manager:å¯åŠ¨Agent: project_manager
INFO:mcp.agent.project_manager:é¡¹ç›®ç®¡ç†Agentåˆå§‹åŒ–æˆåŠŸ
INFO:mcp.agent.project_manager:Agent project_manager å¯åŠ¨æˆåŠŸ
INFO:mcp.coordinator:Agent project_manager å¯åŠ¨æˆåŠŸ
INFO:mcp.agent.search:å¯åŠ¨Agent: search
INFO:mcp_agents.search.search_agent:âœ… Firecrawlåœ¨çº¿æœç´¢åˆå§‹åŒ–æˆåŠŸ
INFO:mcp_agents.search.search_agent:âœ… æœ¬åœ°RAGæœç´¢åˆå§‹åŒ–æˆåŠŸ
INFO:mcp.agent.search:Agent search å¯åŠ¨æˆåŠŸ
INFO:mcp.coordinator:Agent search å¯åŠ¨æˆåŠŸ
INFO:mcp.agent.code_generator:å¯åŠ¨Agent: code_generator
INFO:mcp.agent.code_generator:åˆå§‹åŒ–LLM: provider=DeepSeek, model=deepseek-coder, api_key_length=35
INFO:mcp.agent.code_generator:ä»£ç ç”ŸæˆAgentåˆå§‹åŒ–æˆåŠŸï¼Œä½¿ç”¨LLM: DeepSeek - deepseek-coder
INFO:mcp.agent.code_generator:Agent code_generator å¯åŠ¨æˆåŠŸ
INFO:mcp.coordinator:Agent code_generator å¯åŠ¨æˆåŠŸ
INFO:mcp.agent.code_checker:å¯åŠ¨Agent: code_checker
INFO:mcp.agent.code_checker:ä»£ç æ£€æŸ¥Agentåˆå§‹åŒ–æˆåŠŸ
INFO:mcp.agent.code_checker:Agent code_checker å¯åŠ¨æˆåŠŸ
INFO:mcp.coordinator:Agent code_checker å¯åŠ¨æˆåŠŸ
INFO:mcp.agent.final_generator:å¯åŠ¨Agent: final_generator
INFO:mcp.agent.final_generator:åˆå§‹åŒ–LLM: provider=DeepSeek, model=deepseek-reasoner, api_key_length=35
INFO:mcp.agent.final_generator:æœ€ç»ˆä»£ç ç”ŸæˆAgentåˆå§‹åŒ–æˆåŠŸï¼Œä½¿ç”¨LLM: DeepSeek - deepseek-reasoner
INFO:mcp.agent.final_generator:Agent final_generator å¯åŠ¨æˆåŠŸ
INFO:mcp.coordinator:Agent final_generator å¯åŠ¨æˆåŠŸ
INFO:mcp.agent.harmonyos_compiler:å¯åŠ¨Agent: harmonyos_compiler
INFO:mcp_agents.harmonyos_compiler.harmonyos_compiler_agent:HarmonyOSç¼–è¯‘å™¨Agentåˆå§‹åŒ–æˆåŠŸï¼Œhvigorwå¯ç”¨: True
INFO:mcp.agent.harmonyos_compiler:Agent harmonyos_compiler å¯åŠ¨æˆåŠŸ
INFO:mcp.coordinator:Agent harmonyos_compiler å¯åŠ¨æˆåŠŸ
INFO:mcp.coordinator:é¢„å®šä¹‰å·¥ä½œæµæ³¨å†Œå®Œæˆ
INFO:mcp.coordinator:MCPåè°ƒå™¨åˆå§‹åŒ–å®Œæˆ
INFO:mcp.coordinator:å¼€å§‹æ‰§è¡Œé¸¿è’™å·¥ä½œæµ: 1c2db89d-2331-4150-bd08-b048fdfc561a
INFO:mcp_orchestrator.collaborative_workflow:ğŸš€ å¼€å§‹åä½œå¼é¸¿è’™å·¥ä½œæµ
INFO:mcp_orchestrator.collaborative_workflow:   - ä¼šè¯ID: 1c2db89d-2331-4150-bd08-b048fdfc561a
INFO:mcp_orchestrator.collaborative_workflow:   - ç”¨æˆ·éœ€æ±‚: Generate ImagePreview component according to README.md
INFO:mcp_orchestrator.collaborative_workflow:âœ… å·¥ä½œæµä¸Šä¸‹æ–‡åˆ›å»ºæˆåŠŸ
INFO:mcp_orchestrator.collaborative_workflow:   - åˆå§‹é˜¶æ®µ: requirement_analysis
INFO:mcp_orchestrator.collaborative_workflow:   - ä»»åŠ¡ç±»å‹: initial_generation
INFO:mcp_orchestrator.collaborative_workflow:ğŸ“‹ å¼€å§‹æ‰§è¡Œå®Œæ•´å·¥ä½œæµ
INFO:mcp_orchestrator.collaborative_workflow:=== å·¥ä½œæµä¸€ï¼šåˆå§‹ä»£ç ç”Ÿæˆ ===
INFO:mcp_orchestrator.collaborative_workflow:=== ğŸ“‹ æ‰§è¡Œæ­¥éª¤1: éœ€æ±‚åˆ†æå’Œé¡¹ç›®è§„åˆ’ ===
INFO:mcp_orchestrator.collaborative_workflow:ğŸ“¤ å‘é€ç»™é¡¹ç›®ç®¡ç†Agentçš„ä¸Šä¸‹æ–‡: ['session_id', 'user_requirement', 'current_phase', 'current_task_type', 'fix_attempt', 'workflow_type', 'workflow_guidance', 'task_description', 'is_initial_planning', 'project_structure_required', 'target_file_path', 'single_file_generation']
INFO:mcp_orchestrator.collaborative_workflow:   - ç”¨æˆ·éœ€æ±‚: Generate ImagePreview component according to README.md
INFO:mcp.coordinator:ğŸ¤– å¼€å§‹æ‰§è¡ŒAgent: project_manager
INFO:mcp.coordinator:   æ–¹æ³•: project.analyze_harmonyos
INFO:mcp.coordinator:   å‚æ•°é”®: ['session_id', 'user_requirement', 'current_phase', 'current_task_type', 'fix_attempt', 'workflow_type', 'workflow_guidance', 'task_description', 'is_initial_planning', 'project_structure_required', 'target_file_path', 'single_file_generation']
INFO:mcp_agents.project_manager.project_manager_agent:é¡¹ç›®ç®¡ç†Agentå¼€å§‹åˆ†æé¸¿è’™éœ€æ±‚
INFO:mcp_agents.project_manager.project_manager_agent:å½“å‰é˜¶æ®µ: requirement_analysis
INFO:mcp_agents.project_manager.project_manager_agent:ä»»åŠ¡æè¿°: åˆ†æIndex.etsæ–‡ä»¶ä¸­çš„è‡ªç„¶è¯­è¨€æè¿°ï¼Œè§„åˆ’å•ä¸ªé¡µé¢ç»„ä»¶çš„å†…å®¹ç»“æ„
INFO:mcp_agents.project_manager.project_manager_agent:ç”¨æˆ·éœ€æ±‚: Generate ImagePreview component according to README.md
INFO:mcp_agents.project_manager.project_manager_agent:æˆåŠŸè¯»å–MyApplication2é¡¹ç›®ç»“æ„ä¿¡æ¯
INFO:mcp_agents.project_manager.project_manager_agent:ä»README.mdæå–è‡ªç„¶è¯­è¨€æè¿°: 1173 å­—ç¬¦
INFO:mcp_agents.project_manager.project_manager_agent:ä»README.mdæ–‡ä»¶è¯»å–åˆ°è‡ªç„¶è¯­è¨€æè¿°: 1173 å­—ç¬¦
INFO:mcp_agents.project_manager.project_manager_agent:ğŸ¤– é¡¹ç›®ç®¡ç†Agent LLMçŠ¶æ€: å¯ç”¨
INFO:mcp_agents.project_manager.project_manager_agent:ğŸ” LLMå¯¹è±¡ç±»å‹: <class 'deepsearcher.llm.deepseek.DeepSeek'>
INFO:mcp_agents.project_manager.project_manager_agent:ğŸš€ å¼€å§‹LLMåˆ†æéœ€æ±‚...
INFO:mcp_agents.project_manager.project_manager_agent:ğŸ”„ å·¥ä½œæµç±»å‹: initial_generation
INFO:mcp_agents.project_manager.project_manager_agent:æˆåŠŸè¯»å– 7 ä¸ªé¡¹ç›®æ–‡ä»¶
INFO:mcp_agents.project_manager.project_manager_agent:ğŸ“ LLMè¿”å›å†…å®¹é•¿åº¦: 1015 å­—ç¬¦
INFO:mcp_agents.project_manager.project_manager_agent:å•ä¸ªæ–‡ä»¶ç”Ÿæˆæ¨¡å¼: å¼ºåˆ¶è®¾ç½®ä¸ºIndex.etsæ–‡ä»¶
INFO:mcp_agents.project_manager.project_manager_agent:ç›®æ ‡æ–‡ä»¶è·¯å¾„: MyApplication2/entry/src/main/ets/pages/Index.ets
INFO:mcp_agents.project_manager.project_manager_agent:éœ€æ±‚åˆ†æå®Œæˆï¼Œè§„åˆ’äº†1ä¸ªæ–‡ä»¶
INFO:mcp_agents.project_manager.project_manager_agent:  æ–‡ä»¶1: MyApplication2/entry/src/main/ets/pages/Index.ets
INFO:mcp.coordinator:âœ… Agent project_manager æ‰§è¡ŒæˆåŠŸ
INFO:mcp.coordinator:   è¿”å›ç»“æœé”®: ['success', 'analysis', 'planned_files', 'search_keywords', 'requirement_analysis', 'project_path']
INFO:mcp.coordinator:   æˆåŠŸæ ‡å¿—: True
INFO:mcp_orchestrator.collaborative_workflow:ğŸ“¥ é¡¹ç›®ç®¡ç†Agentè¿”å›ç»“æœ: success=True
INFO:mcp_orchestrator.collaborative_workflow:   - è®¡åˆ’æ–‡ä»¶æ•°: 1
INFO:mcp_orchestrator.collaborative_workflow:   - åˆ†æç»“æœ: N/A
INFO:mcp_orchestrator.collaborative_workflow:     æ–‡ä»¶1: MyApplication2/entry/src/main/ets/pages/Index.ets
INFO:mcp_orchestrator.workflow_context:æ›´æ–°ä¸Šä¸‹æ–‡: project_manager -> requirement_analysis (å·¥ä½œæµ: initial_generation)
INFO:mcp_orchestrator.collaborative_workflow:âœ… éœ€æ±‚åˆ†æå®Œæˆï¼Œè§„åˆ’äº†1ä¸ªæ–‡ä»¶
INFO:mcp_orchestrator.collaborative_workflow:=== ğŸ” æ‰§è¡Œæ­¥éª¤2: ä¿¡æ¯æœç´¢ ===
INFO:mcp_orchestrator.collaborative_workflow:ğŸ“¤ å‘é€ç»™æœç´¢Agentçš„ä¸Šä¸‹æ–‡: ['session_id', 'user_requirement', 'current_phase', 'current_task_type', 'fix_attempt', 'workflow_type', 'workflow_guidance', 'task_description', 'query', 'search_mode', 'search_keywords', 'planned_files', 'focus_on_examples', 'search_priority']
INFO:mcp_orchestrator.collaborative_workflow:   - æœç´¢æŸ¥è¯¢: åœ¨HarmonyOS ArkTSä¸­å¦‚ä½•é…ç½®ImagePreviewSwiperçš„onScrollIndexå›è°ƒå®ç°æ»‘åŠ¨ç´¢å¼•æç¤º å¦‚ä½•ä½¿ç”¨ArkTSçš„@Builderå‡½æ•°ç»“åˆForEachå¾ªç¯æ¸²æŸ“åŠ¨æ€å›¾ç‰‡åˆ—è¡¨ åœ¨é¸¿è’™åº”ç”¨ä¸­å¦‚ä½•é€šè¿‡ImagePreviewConfigè®¾ç½®åŒå‡»ç¼©æ”¾å’Œé•¿æŒ‰äº‹ä»¶å¤„ç†
INFO:mcp_orchestrator.collaborative_workflow:   - æœç´¢æ¨¡å¼: code_generation
INFO:mcp.coordinator:ğŸ¤– å¼€å§‹æ‰§è¡ŒAgent: search
INFO:mcp.coordinator:   æ–¹æ³•: search.harmonyos
INFO:mcp.coordinator:   å‚æ•°é”®: ['session_id', 'user_requirement', 'current_phase', 'current_task_type', 'fix_attempt', 'workflow_type', 'workflow_guidance', 'task_description', 'query', 'search_mode', 'search_keywords', 'planned_files', 'focus_on_examples', 'search_priority']
INFO:mcp_agents.search.search_agent:å¼€å§‹firecrawlæœç´¢: åœ¨HarmonyOS ArkTSä¸­å¦‚ä½•é…ç½®ImagePreviewSwiperçš„onScrollIndexå›è°ƒå®ç°æ»‘åŠ¨ç´¢å¼•æç¤º å¦‚ä½•ä½¿ç”¨ArkTSçš„@Builderå‡½æ•°ç»“åˆForEachå¾ªç¯æ¸²æŸ“åŠ¨æ€å›¾ç‰‡åˆ—è¡¨ åœ¨é¸¿è’™åº”ç”¨ä¸­å¦‚ä½•é€šè¿‡ImagePreviewConfigè®¾ç½®åŒå‡»ç¼©æ”¾å’Œé•¿æŒ‰äº‹ä»¶å¤„ç† HarmonyOS é¸¿è’™ ArkTS ArkUI ä»£ç ç¤ºä¾‹ å¼€å‘æŒ‡å— APIæ–‡æ¡£
INFO:mcp_agents.search.search_agent:firecrawlæœç´¢å“åº”ç±»å‹: <class 'firecrawl.firecrawl.SearchResponse'>
INFO:mcp_agents.search.search_agent:firecrawlæœç´¢å“åº”å±æ€§: ['__abstractmethods__', '__annotations__', '__class__', '__class_getitem__', '__class_vars__', '__copy__', '__deepcopy__', '__delattr__', '__dict__', '__dir__', '__doc__', '__eq__', '__fields__', '__fields_set__', '__format__', '__ge__', '__get_pydantic_core_schema__', '__get_pydantic_json_schema__', '__getattr__', '__getattribute__', '__getstate__', '__gt__', '__hash__', '__init__', '__init_subclass__', '__iter__', '__le__', '__lt__', '__module__', '__ne__', '__new__', '__pretty__', '__private_attributes__', '__pydantic_complete__', '__pydantic_computed_fields__', '__pydantic_core_schema__', '__pydantic_custom_init__', '__pydantic_decorators__', '__pydantic_extra__', '__pydantic_fields__', '__pydantic_fields_set__', '__pydantic_generic_metadata__', '__pydantic_init_subclass__', '__pydantic_parent_namespace__', '__pydantic_post_init__', '__pydantic_private__', '__pydantic_root_model__', '__pydantic_serializer__', '__pydantic_setattr_handlers__', '__pydantic_validator__', '__reduce__', '__reduce_ex__', '__replace__', '__repr__', '__repr_args__', '__repr_name__', '__repr_recursion__', '__repr_str__', '__rich_repr__', '__setattr__', '__setstate__', '__signature__', '__sizeof__', '__slots__', '__str__', '__subclasshook__', '__weakref__', '_abc_impl', '_calculate_keys', '_copy_and_set_values', '_get_value', '_iter', '_setattr_handler', 'construct', 'copy', 'data', 'dict', 'error', 'from_orm', 'json', 'model_computed_fields', 'model_config', 'model_construct', 'model_copy', 'model_dump', 'model_dump_json', 'model_extra', 'model_fields', 'model_fields_set', 'model_json_schema', 'model_parametrized_name', 'model_post_init', 'model_rebuild', 'model_validate', 'model_validate_json', 'model_validate_strings', 'parse_file', 'parse_obj', 'parse_raw', 'schema', 'schema_json', 'success', 'update_forward_refs', 'validate', 'warning']
INFO:mcp.coordinator:âœ… Agent search æ‰§è¡ŒæˆåŠŸ
INFO:mcp.coordinator:   è¿”å›ç»“æœé”®: ['success', 'query', 'answer', 'sources', 'search_method', 'processing_time', 'search_context', 'search_mode']
INFO:mcp.coordinator:   æˆåŠŸæ ‡å¿—: True
INFO:mcp.coordinator:   ç­”æ¡ˆé¢„è§ˆ: æ ¹æ®æœç´¢ç»“æœï¼Œå…³äº 'åœ¨HarmonyOS ArkTSä¸­å¦‚ä½•é…ç½®ImagePreviewSwiperçš„onScrollIndexå›è°ƒå®ç°æ»‘åŠ¨ç´¢å¼•æç¤º å¦‚ä½•ä½¿ç”¨ArkTSçš„@Builderå‡½æ•°ç»“åˆFor...
INFO:mcp_orchestrator.collaborative_workflow:ğŸ“¥ æœç´¢Agentè¿”å›ç»“æœ: success=True
INFO:mcp_orchestrator.collaborative_workflow:   - æœç´¢æ–¹æ³•: online
INFO:mcp_orchestrator.collaborative_workflow:   - èµ„æºæ•°é‡: 1
INFO:mcp_orchestrator.collaborative_workflow:   - ç­”æ¡ˆé•¿åº¦: 204
INFO:mcp_orchestrator.collaborative_workflow:   - ç­”æ¡ˆé¢„è§ˆ: æ ¹æ®æœç´¢ç»“æœï¼Œå…³äº 'åœ¨HarmonyOS ArkTSä¸­å¦‚ä½•é…ç½®ImagePreviewSwiperçš„onScrollIndexå›è°ƒå®ç°æ»‘åŠ¨ç´¢å¼•æç¤º å¦‚ä½•ä½¿ç”¨ArkTSçš„@Builderå‡½æ•°ç»“åˆFor...
INFO:mcp_orchestrator.workflow_context:æ›´æ–°ä¸Šä¸‹æ–‡: search -> information_search (å·¥ä½œæµ: initial_generation)
INFO:mcp_orchestrator.collaborative_workflow:âœ… ä¿¡æ¯æœç´¢å®Œæˆï¼Œè·å¾—2ä¸ªå‚è€ƒèµ„æ–™
INFO:mcp_orchestrator.collaborative_workflow:=== ğŸ’» æ‰§è¡Œæ­¥éª¤3: ä»£ç ç”Ÿæˆ ===
INFO:mcp_orchestrator.collaborative_workflow:ğŸ“¤ å‘é€ç»™ä»£ç ç”ŸæˆAgentçš„ä¸Šä¸‹æ–‡: ['session_id', 'user_requirement', 'current_phase', 'current_task_type', 'fix_attempt', 'workflow_type', 'workflow_guidance', 'task_description', 'project_plan', 'planned_files', 'reference_materials', 'operation_mode', 'create_new_files', 'focus_on_structure', 'complete_implementation']
INFO:mcp_orchestrator.collaborative_workflow:   - ä»»åŠ¡ç±»å‹: initial_generation
INFO:mcp_orchestrator.collaborative_workflow:   - è®¡åˆ’æ–‡ä»¶æ•°: 1
INFO:mcp_orchestrator.collaborative_workflow:   - å‚è€ƒèµ„æ–™æ•°: 2
INFO:mcp.coordinator:ğŸ¤– å¼€å§‹æ‰§è¡ŒAgent: code_generator
INFO:mcp.coordinator:   æ–¹æ³•: code.generate_harmonyos
INFO:mcp.coordinator:   å‚æ•°é”®: ['session_id', 'user_requirement', 'current_phase', 'current_task_type', 'fix_attempt', 'workflow_type', 'workflow_guidance', 'task_description', 'project_plan', 'planned_files', 'reference_materials', 'operation_mode', 'create_new_files', 'focus_on_structure', 'complete_implementation']
INFO:mcp.agent.code_generator:ä»£ç ç”ŸæˆAgentæ”¶åˆ°ä»»åŠ¡
INFO:mcp.agent.code_generator:å½“å‰é˜¶æ®µ: code_generation
INFO:mcp.agent.code_generator:ä»»åŠ¡ç±»å‹: initial_generation
INFO:mcp.agent.code_generator:ä¿®å¤å°è¯•: 0
INFO:mcp.agent.code_generator:ç”¨æˆ·éœ€æ±‚: Generate ImagePreview component according to README.md
INFO:mcp.agent.code_generator:å¼€å§‹åˆå§‹ä»£ç ç”Ÿæˆ
INFO:mcp.agent.code_generator:ä»£ç ç”ŸæˆAgentè¯»å–README.mdæè¿°: 1173 å­—ç¬¦
INFO:mcp.agent.code_generator:æ–‡ä»¶ä»£ç ç”Ÿæˆå®Œæˆ: MyApplication2/entry/src/main/ets/pages/Index.ets
INFO:mcp.agent.code_generator:å¼€å§‹ä¿å­˜æ–‡ä»¶: MyApplication2/entry/src/main/ets/pages/Index.ets
INFO:mcp.agent.code_generator:æ–‡ä»¶å†…å®¹é•¿åº¦: 2106 å­—ç¬¦
INFO:mcp.agent.code_generator:ç¡®ä¿ç›®å½•å­˜åœ¨: MyApplication2/entry/src/main/ets/pages
INFO:mcp.agent.code_generator:æ–‡ä»¶å·²å­˜åœ¨ï¼Œå°†è¢«è¦†ç›–: MyApplication2/entry/src/main/ets/pages/Index.ets
INFO:mcp.agent.code_generator:å·²å¤‡ä»½åŸæ–‡ä»¶: MyApplication2/entry/src/main/ets/pages/Index.ets.bak
INFO:mcp.agent.code_generator:ç¡®ä¿æ–‡ä»¶å†™å…¥: MyApplication2/entry/src/main/ets/pages/Index.ets
INFO:mcp.agent.code_generator:æ–¹æ³•1æˆåŠŸ: MyApplication2/entry/src/main/ets/pages/Index.ets
INFO:mcp.agent.code_generator:æ–‡ä»¶æˆåŠŸå†™å…¥: MyApplication2/entry/src/main/ets/pages/Index.ets
INFO:mcp.agent.code_generator:æ–‡ä»¶å†…å®¹éªŒè¯æˆåŠŸ: MyApplication2/entry/src/main/ets/pages/Index.ets
INFO:mcp.agent.code_generator:åˆå§‹ä»£ç ç”Ÿæˆå®Œæˆ: 1 ä¸ªæ–‡ä»¶
INFO:mcp.agent.code_generator:ä»£ç ç”Ÿæˆå®Œæˆ: True
INFO:mcp.coordinator:âœ… Agent code_generator æ‰§è¡ŒæˆåŠŸ
INFO:mcp.coordinator:   è¿”å›ç»“æœé”®: ['success', 'generated_files', 'task_type', 'total_files']
INFO:mcp.coordinator:   æˆåŠŸæ ‡å¿—: True
INFO:mcp.coordinator:   ç”Ÿæˆæ–‡ä»¶æ•°: 1
INFO:mcp_orchestrator.collaborative_workflow:ğŸ“¥ ä»£ç ç”ŸæˆAgentè¿”å›ç»“æœ: success=True
INFO:mcp_orchestrator.collaborative_workflow:   - ç”Ÿæˆæ–‡ä»¶æ•°: 1
INFO:mcp_orchestrator.collaborative_workflow:   - ä»»åŠ¡ç±»å‹: initial_generation
INFO:mcp_orchestrator.collaborative_workflow:     æ–‡ä»¶1: MyApplication2/entry/src/main/ets/pages/Index.ets
INFO:mcp_orchestrator.workflow_context:æ›´æ–°ä¸Šä¸‹æ–‡: code_generator -> code_generation (å·¥ä½œæµ: initial_generation)
INFO:mcp_orchestrator.workflow_context:  åˆå§‹ç”Ÿæˆæ¨¡å¼: åˆ›å»ºäº†1ä¸ªæ–°æ–‡ä»¶
INFO:mcp_orchestrator.collaborative_workflow:âœ… ä»£ç ç”Ÿæˆå®Œæˆï¼Œç”Ÿæˆäº†1ä¸ªæ–‡ä»¶
INFO:mcp_orchestrator.collaborative_workflow:=== ğŸ” æ‰§è¡Œæ­¥éª¤4: é™æ€æ£€æŸ¥ (codelinter) ===
INFO:mcp_orchestrator.collaborative_workflow:ğŸ“¤ å‘é€ç»™ä»£ç æ£€æŸ¥Agentçš„ä¸Šä¸‹æ–‡: ['session_id', 'user_requirement', 'current_phase', 'current_task_type', 'fix_attempt', 'workflow_type', 'workflow_guidance', 'files_to_check', 'task_description', 'check_mode', 'comprehensive_check']
INFO:mcp_orchestrator.collaborative_workflow:   - æ£€æŸ¥æ–‡ä»¶æ•°: 1
INFO:mcp_orchestrator.collaborative_workflow:   - é¡¹ç›®è·¯å¾„: N/A
INFO:mcp.coordinator:ğŸ¤– å¼€å§‹æ‰§è¡ŒAgent: code_checker
INFO:mcp.coordinator:   æ–¹æ³•: code.check.harmonyos
INFO:mcp.coordinator:   å‚æ•°é”®: ['session_id', 'user_requirement', 'current_phase', 'current_task_type', 'fix_attempt', 'workflow_type', 'workflow_guidance', 'files_to_check', 'task_description', 'check_mode', 'comprehensive_check']
INFO:mcp_agents.code_checker.code_checker_agent:ğŸ” å¼€å§‹é¸¿è’™é™æ€æ£€æŸ¥
INFO:mcp_agents.code_checker.code_checker_agent:   - æ£€æŸ¥æ–‡ä»¶æ•°: 1
INFO:mcp_agents.code_checker.code_checker_agent:   - é¡¹ç›®è·¯å¾„: MyApplication2
INFO:mcp_agents.code_checker.code_checker_agent:   - å½“å‰é˜¶æ®µ: static_check
INFO:mcp_agents.code_checker.code_checker_agent:   - æ–‡ä»¶1: MyApplication2/entry/src/main/ets/pages/Index.ets
INFO:mcp_agents.code_checker.code_checker_agent:ğŸ“‹ æ‰§è¡Œcodelinteræ£€æŸ¥å‘½ä»¤...
INFO:mcp_agents.harmonyos.compiler_service:å¼€å§‹è¿è¡Œcodelinteræ£€æŸ¥...
INFO:mcp_agents.harmonyos.compiler_service:æ£€æµ‹åˆ°ç»Ÿè®¡æ‘˜è¦è¡Œ: -Defects: 4; Errors: 0; Warns: 4; Suggestions: 0;
INFO:mcp_agents.harmonyos.compiler_service:ç»Ÿè®¡æ‘˜è¦æ˜¾ç¤ºå®é™…é”™è¯¯æ•°é‡: 0
INFO:mcp_agents.harmonyos.compiler_service:ç»Ÿè®¡æ‘˜è¦æ˜¾ç¤ºæ²¡æœ‰å®é™…é”™è¯¯ï¼Œè¿”å›ç©ºåˆ—è¡¨
INFO:mcp_agents.code_checker.code_checker_agent:ğŸ“‹ codelinteræ£€æŸ¥ç»“æœ: success=True
INFO:mcp_agents.code_checker.code_checker_agent:   - åŸå§‹è¾“å‡ºé•¿åº¦: 4175
INFO:mcp_agents.code_checker.code_checker_agent:   - é—®é¢˜æ•°é‡: 0
INFO:mcp_agents.code_checker.code_checker_agent:é™æ€æ£€æŸ¥å®Œæˆ: 0 ä¸ªé”™è¯¯, 0 ä¸ªè­¦å‘Š
INFO:mcp.coordinator:âœ… Agent code_checker æ‰§è¡ŒæˆåŠŸ
INFO:mcp.coordinator:   è¿”å›ç»“æœé”®: ['success', 'errors', 'warnings', 'all_issues', 'total_errors', 'total_warnings', 'files_checked', 'check_type', 'project_path', 'raw_output', 'checked_at']
INFO:mcp.coordinator:   æˆåŠŸæ ‡å¿—: True
INFO:mcp.coordinator:   é”™è¯¯æ•°é‡: 0
INFO:mcp_orchestrator.collaborative_workflow:ğŸ“¥ ä»£ç æ£€æŸ¥Agentè¿”å›ç»“æœ: success=True
INFO:mcp_orchestrator.workflow_context:æ›´æ–°ä¸Šä¸‹æ–‡: code_checker -> static_check (å·¥ä½œæµ: initial_generation)
INFO:mcp_orchestrator.workflow_context:  codelinterç»Ÿè®¡ä¿¡æ¯æ˜¾ç¤ºæ²¡æœ‰å®é™…é”™è¯¯ (Errors: 0)ï¼Œè·³è¿‡é”™è¯¯å¤„ç†
INFO:mcp_orchestrator.collaborative_workflow:   - é”™è¯¯æ•°é‡: 0
INFO:mcp_orchestrator.collaborative_workflow:   - è­¦å‘Šæ•°é‡: 0
INFO:mcp_orchestrator.collaborative_workflow:   - æ£€æŸ¥ç±»å‹: codelinter
INFO:mcp_orchestrator.collaborative_workflow:âœ… é™æ€æ£€æŸ¥æˆåŠŸï¼Œæ— é”™è¯¯
INFO:mcp_orchestrator.collaborative_workflow:=== ğŸ”§ æ‰§è¡Œæ­¥éª¤5: ç¼–è¯‘æ£€æŸ¥ (hvigorw) ===
INFO:mcp_orchestrator.collaborative_workflow:ğŸ“¤ å‘é€ç»™é¡¹ç›®ç®¡ç†Agentçš„ç¼–è¯‘ä¸Šä¸‹æ–‡: ['session_id', 'user_requirement', 'current_phase', 'current_task_type', 'fix_attempt', 'workflow_type', 'workflow_guidance', 'task_description', 'is_compilation_check', 'project_path', 'generated_files']
INFO:mcp_orchestrator.collaborative_workflow:   - é¡¹ç›®è·¯å¾„: MyApplication2
INFO:mcp_orchestrator.collaborative_workflow:   - ä»»åŠ¡æè¿°: æ‰§è¡Œhvigorwç¼–è¯‘æ£€æŸ¥ï¼ŒéªŒè¯ç”Ÿæˆçš„Index.etsæ–‡ä»¶èƒ½å¦æ­£å¸¸ç¼–è¯‘
INFO:mcp.coordinator:ğŸ¤– å¼€å§‹æ‰§è¡ŒAgent: project_manager
INFO:mcp.coordinator:   æ–¹æ³•: project.hvigor_compile
INFO:mcp.coordinator:   å‚æ•°é”®: ['session_id', 'user_requirement', 'current_phase', 'current_task_type', 'fix_attempt', 'workflow_type', 'workflow_guidance', 'task_description', 'is_compilation_check', 'project_path', 'generated_files']
INFO:mcp_agents.project_manager.project_manager_agent:å¼€å§‹hvigorç¼–è¯‘æ£€æŸ¥: MyApplication2
INFO:mcp_agents.harmonyos.compiler_service:å¼€å§‹è¿è¡Œhvigorç¼–è¯‘...
INFO:mcp_agents.harmonyos.compiler_service:è§£æç¼–è¯‘è¾“å‡º: 14 ä¸ªé”™è¯¯/è­¦å‘Š
INFO:mcp_agents.project_manager.project_manager_agent:ç¼–è¯‘æ£€æŸ¥å®Œæˆ: å¤±è´¥
INFO:mcp.coordinator:âœ… Agent project_manager æ‰§è¡ŒæˆåŠŸ
INFO:mcp.coordinator:   è¿”å›ç»“æœé”®: ['success', 'project_path', 'compile_result', 'status', 'errors', 'total_errors', 'fix_suggestions']
INFO:mcp.coordinator:   æˆåŠŸæ ‡å¿—: False
INFO:mcp.coordinator:   é”™è¯¯æ•°é‡: 14
INFO:mcp_orchestrator.collaborative_workflow:ğŸ“¥ é¡¹ç›®ç®¡ç†Agentç¼–è¯‘ç»“æœ: success=False
INFO:mcp_orchestrator.workflow_context:æ›´æ–°ä¸Šä¸‹æ–‡: project_manager -> compile_check (å·¥ä½œæµ: initial_generation)
INFO:mcp_orchestrator.workflow_context:  åˆå§‹ç¼–è¯‘æ£€æŸ¥: å‘ç°14ä¸ªç¼–è¯‘é”™è¯¯
INFO:mcp_orchestrator.collaborative_workflow:   - ç¼–è¯‘çŠ¶æ€: failed
INFO:mcp_orchestrator.collaborative_workflow:   - è¿”å›ç : 255
INFO:mcp_orchestrator.collaborative_workflow:   - é”™è¯¯æ•°é‡: 14
INFO:mcp_orchestrator.collaborative_workflow:   - è­¦å‘Šæ•°é‡: 0
WARNING:mcp_orchestrator.collaborative_workflow:âš ï¸ ç¼–è¯‘æ£€æŸ¥å¤±è´¥ï¼Œä½†ç»§ç»­åˆ°é”™è¯¯ä¿®å¤æ­¥éª¤
INFO:mcp_orchestrator.collaborative_workflow:   - é”™è¯¯ä¿¡æ¯: N/A
INFO:mcp_orchestrator.collaborative_workflow:     é”™è¯¯1: Failed :entry:default@CompileArkTS... 
INFO:mcp_orchestrator.collaborative_workflow:     é”™è¯¯2: ArkTS Compiler Error
INFO:mcp_orchestrator.collaborative_workflow:æ£€æµ‹åˆ° 14 ä¸ªç¼–è¯‘é”™è¯¯ï¼Œå°†è¿›å…¥ä¿®å¤æµç¨‹
INFO:mcp_orchestrator.collaborative_workflow:ç¼–è¯‘æ£€æŸ¥å‘ç°é”™è¯¯ï¼Œå¼€å§‹å·¥ä½œæµäºŒ
INFO:mcp_orchestrator.collaborative_workflow:=== å·¥ä½œæµäºŒï¼šé”™è¯¯ä¿®å¤ ===
INFO:mcp_orchestrator.collaborative_workflow:é”™è¯¯ä¿®å¤å¾ªç¯ ç¬¬1æ¬¡
INFO:mcp_orchestrator.collaborative_workflow:=== ğŸ’» æ‰§è¡Œæ­¥éª¤3: ä»£ç ç”Ÿæˆ ===
INFO:mcp_orchestrator.collaborative_workflow:ğŸ“¤ å‘é€ç»™ä»£ç ç”ŸæˆAgentçš„ä¸Šä¸‹æ–‡: ['session_id', 'user_requirement', 'current_phase', 'current_task_type', 'fix_attempt', 'workflow_type', 'workflow_guidance', 'task_description', 'errors_to_fix', 'error_analysis', 'files_to_fix', 'target_files_with_locations', 'solution_references', 'existing_files', 'operation_mode', 'preserve_existing_structure', 'focus_on_fixes', 'modification_only', 'precise_targeting']
INFO:mcp_orchestrator.collaborative_workflow:   - ä»»åŠ¡ç±»å‹: error_fixing
INFO:mcp_orchestrator.collaborative_workflow:   - è®¡åˆ’æ–‡ä»¶æ•°: 0
INFO:mcp_orchestrator.collaborative_workflow:   - å‚è€ƒèµ„æ–™æ•°: 0
INFO:mcp.coordinator:ğŸ¤– å¼€å§‹æ‰§è¡ŒAgent: code_generator
INFO:mcp.coordinator:   æ–¹æ³•: code.generate_harmonyos
INFO:mcp.coordinator:   å‚æ•°é”®: ['session_id', 'user_requirement', 'current_phase', 'current_task_type', 'fix_attempt', 'workflow_type', 'workflow_guidance', 'task_description', 'errors_to_fix', 'error_analysis', 'files_to_fix', 'target_files_with_locations', 'solution_references', 'existing_files', 'operation_mode', 'preserve_existing_structure', 'focus_on_fixes', 'modification_only', 'precise_targeting']
INFO:mcp.agent.code_generator:ä»£ç ç”ŸæˆAgentæ”¶åˆ°ä»»åŠ¡
INFO:mcp.agent.code_generator:å½“å‰é˜¶æ®µ: code_generation
INFO:mcp.agent.code_generator:ä»»åŠ¡ç±»å‹: error_fixing
INFO:mcp.agent.code_generator:ä¿®å¤å°è¯•: 1
INFO:mcp.agent.code_generator:ç”¨æˆ·éœ€æ±‚: Generate ImagePreview component according to README.md
INFO:mcp.agent.code_generator:å¼€å§‹é”™è¯¯ä¿®å¤
INFO:mcp.agent.code_generator:ğŸ“ ä½¿ç”¨ç²¾ç¡®å®šä½: True
INFO:mcp.agent.code_generator:ğŸ“ é¡¹ç›®ç®¡ç†Agentåˆ†æ: 0 ä¸ªé”™è¯¯
INFO:mcp.agent.code_generator:ğŸ“ ç¡®å®šä¿®å¤æ–‡ä»¶: 0 ä¸ªæ–‡ä»¶
INFO:mcp.agent.code_generator:ğŸ“ åŸå§‹é”™è¯¯ä¿¡æ¯: 14 ä¸ª
INFO:mcp.agent.code_generator:ğŸ“ ç°æœ‰æ–‡ä»¶: 1 ä¸ª
INFO:mcp.agent.code_generator:ä»£ç ç”Ÿæˆå®Œæˆ: True
INFO:mcp.coordinator:âœ… Agent code_generator æ‰§è¡ŒæˆåŠŸ
INFO:mcp.coordinator:   è¿”å›ç»“æœé”®: ['success', 'fixed_files', 'task_type', 'message']
INFO:mcp.coordinator:   æˆåŠŸæ ‡å¿—: True
INFO:mcp_orchestrator.collaborative_workflow:ğŸ“¥ ä»£ç ç”ŸæˆAgentè¿”å›ç»“æœ: success=True
INFO:mcp_orchestrator.collaborative_workflow:   - ç”Ÿæˆæ–‡ä»¶æ•°: 0
INFO:mcp_orchestrator.collaborative_workflow:   - ä»»åŠ¡ç±»å‹: error_fixing
INFO:mcp_orchestrator.workflow_context:æ›´æ–°ä¸Šä¸‹æ–‡: code_generator -> code_generation (å·¥ä½œæµ: error_fixing)
INFO:mcp_orchestrator.workflow_context:ä»£ç ç”ŸæˆAgentè¿”å›äº† 0 ä¸ªä¿®å¤åçš„æ–‡ä»¶
INFO:mcp_orchestrator.workflow_context:  ä¿®å¤æ¨¡å¼: æ›´æ–°äº†0ä¸ªæ–‡ä»¶
INFO:mcp_orchestrator.collaborative_workflow:âœ… ä»£ç ç”Ÿæˆå®Œæˆï¼Œç”Ÿæˆäº†1ä¸ªæ–‡ä»¶
INFO:mcp_orchestrator.collaborative_workflow:=== ğŸ” æ‰§è¡Œæ­¥éª¤4: é™æ€æ£€æŸ¥ (codelinter) ===
INFO:mcp_orchestrator.collaborative_workflow:ğŸ“¤ å‘é€ç»™ä»£ç æ£€æŸ¥Agentçš„ä¸Šä¸‹æ–‡: ['session_id', 'user_requirement', 'current_phase', 'current_task_type', 'fix_attempt', 'workflow_type', 'workflow_guidance', 'files_to_check', 'task_description', 'check_mode', 'previous_errors', 'focus_on_fixes']
INFO:mcp_orchestrator.collaborative_workflow:   - æ£€æŸ¥æ–‡ä»¶æ•°: 1
INFO:mcp_orchestrator.collaborative_workflow:   - é¡¹ç›®è·¯å¾„: N/A
INFO:mcp.coordinator:ğŸ¤– å¼€å§‹æ‰§è¡ŒAgent: code_checker
INFO:mcp.coordinator:   æ–¹æ³•: code.check.harmonyos
INFO:mcp.coordinator:   å‚æ•°é”®: ['session_id', 'user_requirement', 'current_phase', 'current_task_type', 'fix_attempt', 'workflow_type', 'workflow_guidance', 'files_to_check', 'task_description', 'check_mode', 'previous_errors', 'focus_on_fixes']
INFO:mcp_agents.code_checker.code_checker_agent:ğŸ” å¼€å§‹é¸¿è’™é™æ€æ£€æŸ¥
INFO:mcp_agents.code_checker.code_checker_agent:   - æ£€æŸ¥æ–‡ä»¶æ•°: 1
INFO:mcp_agents.code_checker.code_checker_agent:   - é¡¹ç›®è·¯å¾„: MyApplication2
INFO:mcp_agents.code_checker.code_checker_agent:   - å½“å‰é˜¶æ®µ: static_check
INFO:mcp_agents.code_checker.code_checker_agent:   - æ–‡ä»¶1: MyApplication2/entry/src/main/ets/pages/Index.ets
INFO:mcp_agents.code_checker.code_checker_agent:ğŸ“‹ æ‰§è¡Œcodelinteræ£€æŸ¥å‘½ä»¤...
INFO:mcp_agents.harmonyos.compiler_service:å¼€å§‹è¿è¡Œcodelinteræ£€æŸ¥...
INFO:mcp_agents.harmonyos.compiler_service:æ£€æµ‹åˆ°ç»Ÿè®¡æ‘˜è¦è¡Œ: -Defects: 4; Errors: 0; Warns: 4; Suggestions: 0;
INFO:mcp_agents.harmonyos.compiler_service:ç»Ÿè®¡æ‘˜è¦æ˜¾ç¤ºå®é™…é”™è¯¯æ•°é‡: 0
INFO:mcp_agents.harmonyos.compiler_service:ç»Ÿè®¡æ‘˜è¦æ˜¾ç¤ºæ²¡æœ‰å®é™…é”™è¯¯ï¼Œè¿”å›ç©ºåˆ—è¡¨
INFO:mcp_agents.code_checker.code_checker_agent:ğŸ“‹ codelinteræ£€æŸ¥ç»“æœ: success=True
INFO:mcp_agents.code_checker.code_checker_agent:   - åŸå§‹è¾“å‡ºé•¿åº¦: 4175
INFO:mcp_agents.code_checker.code_checker_agent:   - é—®é¢˜æ•°é‡: 0
INFO:mcp_agents.code_checker.code_checker_agent:é™æ€æ£€æŸ¥å®Œæˆ: 0 ä¸ªé”™è¯¯, 0 ä¸ªè­¦å‘Š
INFO:mcp.coordinator:âœ… Agent code_checker æ‰§è¡ŒæˆåŠŸ
INFO:mcp.coordinator:   è¿”å›ç»“æœé”®: ['success', 'errors', 'warnings', 'all_issues', 'total_errors', 'total_warnings', 'files_checked', 'check_type', 'project_path', 'raw_output', 'checked_at']
INFO:mcp.coordinator:   æˆåŠŸæ ‡å¿—: True
INFO:mcp.coordinator:   é”™è¯¯æ•°é‡: 0
INFO:mcp_orchestrator.collaborative_workflow:ğŸ“¥ ä»£ç æ£€æŸ¥Agentè¿”å›ç»“æœ: success=True
INFO:mcp_orchestrator.workflow_context:æ›´æ–°ä¸Šä¸‹æ–‡: code_checker -> static_check (å·¥ä½œæµ: error_fixing)
INFO:mcp_orchestrator.workflow_context:  codelinterç»Ÿè®¡ä¿¡æ¯æ˜¾ç¤ºæ²¡æœ‰å®é™…é”™è¯¯ (Errors: 0)ï¼Œè·³è¿‡é”™è¯¯å¤„ç†
INFO:mcp_orchestrator.collaborative_workflow:   - é”™è¯¯æ•°é‡: 0
INFO:mcp_orchestrator.collaborative_workflow:   - è­¦å‘Šæ•°é‡: 0
INFO:mcp_orchestrator.collaborative_workflow:   - æ£€æŸ¥ç±»å‹: codelinter
INFO:mcp_orchestrator.collaborative_workflow:âœ… é™æ€æ£€æŸ¥æˆåŠŸï¼Œæ— é”™è¯¯
INFO:mcp_orchestrator.collaborative_workflow:=== ğŸ”§ æ‰§è¡Œæ­¥éª¤5: ç¼–è¯‘æ£€æŸ¥ (hvigorw) ===
INFO:mcp_orchestrator.collaborative_workflow:ğŸ“¤ å‘é€ç»™é¡¹ç›®ç®¡ç†Agentçš„ç¼–è¯‘ä¸Šä¸‹æ–‡: ['session_id', 'user_requirement', 'current_phase', 'current_task_type', 'fix_attempt', 'workflow_type', 'workflow_guidance', 'task_description', 'is_error_analysis', 'is_fixing', 'current_errors', 'error_types', 'affected_files', 'existing_files']
INFO:mcp_orchestrator.collaborative_workflow:   - é¡¹ç›®è·¯å¾„: N/A
INFO:mcp_orchestrator.collaborative_workflow:   - ä»»åŠ¡æè¿°: åˆ†æIndex.etsæ–‡ä»¶çš„ç¼–è¯‘å’Œé™æ€æ£€æŸ¥é”™è¯¯ï¼Œç¡®å®šéœ€è¦ä¿®å¤çš„ä½ç½®ä¿¡æ¯
INFO:mcp.coordinator:ğŸ¤– å¼€å§‹æ‰§è¡ŒAgent: project_manager
INFO:mcp.coordinator:   æ–¹æ³•: project.hvigor_compile
INFO:mcp.coordinator:   å‚æ•°é”®: ['session_id', 'user_requirement', 'current_phase', 'current_task_type', 'fix_attempt', 'workflow_type', 'workflow_guidance', 'task_description', 'is_error_analysis', 'is_fixing', 'current_errors', 'error_types', 'affected_files', 'existing_files']
INFO:mcp_agents.project_manager.project_manager_agent:å¼€å§‹hvigorç¼–è¯‘æ£€æŸ¥: MyApplication2
INFO:mcp_agents.harmonyos.compiler_service:å¼€å§‹è¿è¡Œhvigorç¼–è¯‘...
INFO:mcp_agents.harmonyos.compiler_service:è§£æç¼–è¯‘è¾“å‡º: 14 ä¸ªé”™è¯¯/è­¦å‘Š
INFO:mcp_agents.project_manager.project_manager_agent:ç¼–è¯‘æ£€æŸ¥å®Œæˆ: å¤±è´¥
INFO:mcp.coordinator:âœ… Agent project_manager æ‰§è¡ŒæˆåŠŸ
INFO:mcp.coordinator:   è¿”å›ç»“æœé”®: ['success', 'project_path', 'compile_result', 'status', 'errors', 'total_errors', 'fix_suggestions']
INFO:mcp.coordinator:   æˆåŠŸæ ‡å¿—: False
INFO:mcp.coordinator:   é”™è¯¯æ•°é‡: 14
INFO:mcp_orchestrator.collaborative_workflow:ğŸ“¥ é¡¹ç›®ç®¡ç†Agentç¼–è¯‘ç»“æœ: success=False
INFO:mcp_orchestrator.workflow_context:æ›´æ–°ä¸Šä¸‹æ–‡: project_manager -> compile_check (å·¥ä½œæµ: error_fixing)
INFO:mcp_orchestrator.workflow_context:  ä¿®å¤éªŒè¯: ç¼–è¯‘é”™è¯¯ä»14ä¸ªå˜ä¸º14ä¸ª
INFO:mcp_orchestrator.collaborative_workflow:   - ç¼–è¯‘çŠ¶æ€: failed
INFO:mcp_orchestrator.collaborative_workflow:   - è¿”å›ç : 255
INFO:mcp_orchestrator.collaborative_workflow:   - é”™è¯¯æ•°é‡: 14
INFO:mcp_orchestrator.collaborative_workflow:   - è­¦å‘Šæ•°é‡: 0
WARNING:mcp_orchestrator.collaborative_workflow:âš ï¸ ç¼–è¯‘æ£€æŸ¥å¤±è´¥ï¼Œä½†ç»§ç»­åˆ°é”™è¯¯ä¿®å¤æ­¥éª¤
INFO:mcp_orchestrator.collaborative_workflow:   - é”™è¯¯ä¿¡æ¯: N/A
INFO:mcp_orchestrator.collaborative_workflow:     é”™è¯¯1: Failed :entry:default@CompileArkTS... 
INFO:mcp_orchestrator.collaborative_workflow:     é”™è¯¯2: ArkTS Compiler Error
INFO:mcp_orchestrator.collaborative_workflow:æ£€æµ‹åˆ° 14 ä¸ªç¼–è¯‘é”™è¯¯ï¼Œå°†è¿›å…¥ä¿®å¤æµç¨‹
INFO:mcp_orchestrator.collaborative_workflow:ç¬¬1æ¬¡ä¿®å¤åä»æœ‰14ä¸ªé”™è¯¯
INFO:mcp_orchestrator.collaborative_workflow:é”™è¯¯ä¿®å¤å¾ªç¯ ç¬¬2æ¬¡
INFO:mcp_orchestrator.collaborative_workflow:=== ğŸ’» æ‰§è¡Œæ­¥éª¤3: ä»£ç ç”Ÿæˆ ===
INFO:mcp_orchestrator.collaborative_workflow:ğŸ“¤ å‘é€ç»™ä»£ç ç”ŸæˆAgentçš„ä¸Šä¸‹æ–‡: ['session_id', 'user_requirement', 'current_phase', 'current_task_type', 'fix_attempt', 'workflow_type', 'workflow_guidance', 'task_description', 'errors_to_fix', 'error_analysis', 'files_to_fix', 'target_files_with_locations', 'solution_references', 'existing_files', 'operation_mode', 'preserve_existing_structure', 'focus_on_fixes', 'modification_only', 'precise_targeting']
INFO:mcp_orchestrator.collaborative_workflow:   - ä»»åŠ¡ç±»å‹: error_fixing
INFO:mcp_orchestrator.collaborative_workflow:   - è®¡åˆ’æ–‡ä»¶æ•°: 0
INFO:mcp_orchestrator.collaborative_workflow:   - å‚è€ƒèµ„æ–™æ•°: 0
INFO:mcp.coordinator:ğŸ¤– å¼€å§‹æ‰§è¡ŒAgent: code_generator
INFO:mcp.coordinator:   æ–¹æ³•: code.generate_harmonyos
INFO:mcp.coordinator:   å‚æ•°é”®: ['session_id', 'user_requirement', 'current_phase', 'current_task_type', 'fix_attempt', 'workflow_type', 'workflow_guidance', 'task_description', 'errors_to_fix', 'error_analysis', 'files_to_fix', 'target_files_with_locations', 'solution_references', 'existing_files', 'operation_mode', 'preserve_existing_structure', 'focus_on_fixes', 'modification_only', 'precise_targeting']
INFO:mcp.agent.code_generator:ä»£ç ç”ŸæˆAgentæ”¶åˆ°ä»»åŠ¡
INFO:mcp.agent.code_generator:å½“å‰é˜¶æ®µ: code_generation
INFO:mcp.agent.code_generator:ä»»åŠ¡ç±»å‹: error_fixing
INFO:mcp.agent.code_generator:ä¿®å¤å°è¯•: 2
INFO:mcp.agent.code_generator:ç”¨æˆ·éœ€æ±‚: Generate ImagePreview component according to README.md
INFO:mcp.agent.code_generator:å¼€å§‹é”™è¯¯ä¿®å¤
INFO:mcp.agent.code_generator:ğŸ“ ä½¿ç”¨ç²¾ç¡®å®šä½: True
INFO:mcp.agent.code_generator:ğŸ“ é¡¹ç›®ç®¡ç†Agentåˆ†æ: 0 ä¸ªé”™è¯¯
INFO:mcp.agent.code_generator:ğŸ“ ç¡®å®šä¿®å¤æ–‡ä»¶: 0 ä¸ªæ–‡ä»¶
INFO:mcp.agent.code_generator:ğŸ“ åŸå§‹é”™è¯¯ä¿¡æ¯: 28 ä¸ª
INFO:mcp.agent.code_generator:ğŸ“ ç°æœ‰æ–‡ä»¶: 1 ä¸ª
INFO:mcp.agent.code_generator:ä»£ç ç”Ÿæˆå®Œæˆ: True
INFO:mcp.coordinator:âœ… Agent code_generator æ‰§è¡ŒæˆåŠŸ
INFO:mcp.coordinator:   è¿”å›ç»“æœé”®: ['success', 'fixed_files', 'task_type', 'message']
INFO:mcp.coordinator:   æˆåŠŸæ ‡å¿—: True
INFO:mcp_orchestrator.collaborative_workflow:ğŸ“¥ ä»£ç ç”ŸæˆAgentè¿”å›ç»“æœ: success=True
INFO:mcp_orchestrator.collaborative_workflow:   - ç”Ÿæˆæ–‡ä»¶æ•°: 0
INFO:mcp_orchestrator.collaborative_workflow:   - ä»»åŠ¡ç±»å‹: error_fixing
INFO:mcp_orchestrator.workflow_context:æ›´æ–°ä¸Šä¸‹æ–‡: code_generator -> code_generation (å·¥ä½œæµ: error_fixing)
INFO:mcp_orchestrator.workflow_context:ä»£ç ç”ŸæˆAgentè¿”å›äº† 0 ä¸ªä¿®å¤åçš„æ–‡ä»¶
INFO:mcp_orchestrator.workflow_context:  ä¿®å¤æ¨¡å¼: æ›´æ–°äº†0ä¸ªæ–‡ä»¶
INFO:mcp_orchestrator.collaborative_workflow:âœ… ä»£ç ç”Ÿæˆå®Œæˆï¼Œç”Ÿæˆäº†1ä¸ªæ–‡ä»¶
INFO:mcp_orchestrator.collaborative_workflow:=== ğŸ” æ‰§è¡Œæ­¥éª¤4: é™æ€æ£€æŸ¥ (codelinter) ===
INFO:mcp_orchestrator.collaborative_workflow:ğŸ“¤ å‘é€ç»™ä»£ç æ£€æŸ¥Agentçš„ä¸Šä¸‹æ–‡: ['session_id', 'user_requirement', 'current_phase', 'current_task_type', 'fix_attempt', 'workflow_type', 'workflow_guidance', 'files_to_check', 'task_description', 'check_mode', 'previous_errors', 'focus_on_fixes']
INFO:mcp_orchestrator.collaborative_workflow:   - æ£€æŸ¥æ–‡ä»¶æ•°: 1
INFO:mcp_orchestrator.collaborative_workflow:   - é¡¹ç›®è·¯å¾„: N/A
INFO:mcp.coordinator:ğŸ¤– å¼€å§‹æ‰§è¡ŒAgent: code_checker
INFO:mcp.coordinator:   æ–¹æ³•: code.check.harmonyos
INFO:mcp.coordinator:   å‚æ•°é”®: ['session_id', 'user_requirement', 'current_phase', 'current_task_type', 'fix_attempt', 'workflow_type', 'workflow_guidance', 'files_to_check', 'task_description', 'check_mode', 'previous_errors', 'focus_on_fixes']
INFO:mcp_agents.code_checker.code_checker_agent:ğŸ” å¼€å§‹é¸¿è’™é™æ€æ£€æŸ¥
INFO:mcp_agents.code_checker.code_checker_agent:   - æ£€æŸ¥æ–‡ä»¶æ•°: 1
INFO:mcp_agents.code_checker.code_checker_agent:   - é¡¹ç›®è·¯å¾„: MyApplication2
INFO:mcp_agents.code_checker.code_checker_agent:   - å½“å‰é˜¶æ®µ: static_check
INFO:mcp_agents.code_checker.code_checker_agent:   - æ–‡ä»¶1: MyApplication2/entry/src/main/ets/pages/Index.ets
INFO:mcp_agents.code_checker.code_checker_agent:ğŸ“‹ æ‰§è¡Œcodelinteræ£€æŸ¥å‘½ä»¤...
INFO:mcp_agents.harmonyos.compiler_service:å¼€å§‹è¿è¡Œcodelinteræ£€æŸ¥...
INFO:mcp_agents.harmonyos.compiler_service:æ£€æµ‹åˆ°ç»Ÿè®¡æ‘˜è¦è¡Œ: -Defects: 4; Errors: 0; Warns: 4; Suggestions: 0;
INFO:mcp_agents.harmonyos.compiler_service:ç»Ÿè®¡æ‘˜è¦æ˜¾ç¤ºå®é™…é”™è¯¯æ•°é‡: 0
INFO:mcp_agents.harmonyos.compiler_service:ç»Ÿè®¡æ‘˜è¦æ˜¾ç¤ºæ²¡æœ‰å®é™…é”™è¯¯ï¼Œè¿”å›ç©ºåˆ—è¡¨
INFO:mcp_agents.code_checker.code_checker_agent:ğŸ“‹ codelinteræ£€æŸ¥ç»“æœ: success=True
INFO:mcp_agents.code_checker.code_checker_agent:   - åŸå§‹è¾“å‡ºé•¿åº¦: 4175
INFO:mcp_agents.code_checker.code_checker_agent:   - é—®é¢˜æ•°é‡: 0
INFO:mcp_agents.code_checker.code_checker_agent:é™æ€æ£€æŸ¥å®Œæˆ: 0 ä¸ªé”™è¯¯, 0 ä¸ªè­¦å‘Š
INFO:mcp.coordinator:âœ… Agent code_checker æ‰§è¡ŒæˆåŠŸ
INFO:mcp.coordinator:   è¿”å›ç»“æœé”®: ['success', 'errors', 'warnings', 'all_issues', 'total_errors', 'total_warnings', 'files_checked', 'check_type', 'project_path', 'raw_output', 'checked_at']
INFO:mcp.coordinator:   æˆåŠŸæ ‡å¿—: True
INFO:mcp.coordinator:   é”™è¯¯æ•°é‡: 0
INFO:mcp_orchestrator.collaborative_workflow:ğŸ“¥ ä»£ç æ£€æŸ¥Agentè¿”å›ç»“æœ: success=True
INFO:mcp_orchestrator.workflow_context:æ›´æ–°ä¸Šä¸‹æ–‡: code_checker -> static_check (å·¥ä½œæµ: error_fixing)
INFO:mcp_orchestrator.workflow_context:  codelinterç»Ÿè®¡ä¿¡æ¯æ˜¾ç¤ºæ²¡æœ‰å®é™…é”™è¯¯ (Errors: 0)ï¼Œè·³è¿‡é”™è¯¯å¤„ç†
INFO:mcp_orchestrator.collaborative_workflow:   - é”™è¯¯æ•°é‡: 0
INFO:mcp_orchestrator.collaborative_workflow:   - è­¦å‘Šæ•°é‡: 0
INFO:mcp_orchestrator.collaborative_workflow:   - æ£€æŸ¥ç±»å‹: codelinter
INFO:mcp_orchestrator.collaborative_workflow:âœ… é™æ€æ£€æŸ¥æˆåŠŸï¼Œæ— é”™è¯¯
INFO:mcp_orchestrator.collaborative_workflow:=== ğŸ”§ æ‰§è¡Œæ­¥éª¤5: ç¼–è¯‘æ£€æŸ¥ (hvigorw) ===
INFO:mcp_orchestrator.collaborative_workflow:ğŸ“¤ å‘é€ç»™é¡¹ç›®ç®¡ç†Agentçš„ç¼–è¯‘ä¸Šä¸‹æ–‡: ['session_id', 'user_requirement', 'current_phase', 'current_task_type', 'fix_attempt', 'workflow_type', 'workflow_guidance', 'task_description', 'is_error_analysis', 'is_fixing', 'current_errors', 'error_types', 'affected_files', 'existing_files']
INFO:mcp_orchestrator.collaborative_workflow:   - é¡¹ç›®è·¯å¾„: N/A
INFO:mcp_orchestrator.collaborative_workflow:   - ä»»åŠ¡æè¿°: åˆ†æIndex.etsæ–‡ä»¶çš„ç¼–è¯‘å’Œé™æ€æ£€æŸ¥é”™è¯¯ï¼Œç¡®å®šéœ€è¦ä¿®å¤çš„ä½ç½®ä¿¡æ¯
INFO:mcp.coordinator:ğŸ¤– å¼€å§‹æ‰§è¡ŒAgent: project_manager
INFO:mcp.coordinator:   æ–¹æ³•: project.hvigor_compile
INFO:mcp.coordinator:   å‚æ•°é”®: ['session_id', 'user_requirement', 'current_phase', 'current_task_type', 'fix_attempt', 'workflow_type', 'workflow_guidance', 'task_description', 'is_error_analysis', 'is_fixing', 'current_errors', 'error_types', 'affected_files', 'existing_files']
INFO:mcp_agents.project_manager.project_manager_agent:å¼€å§‹hvigorç¼–è¯‘æ£€æŸ¥: MyApplication2
INFO:mcp_agents.harmonyos.compiler_service:å¼€å§‹è¿è¡Œhvigorç¼–è¯‘...
INFO:mcp_agents.harmonyos.compiler_service:è§£æç¼–è¯‘è¾“å‡º: 14 ä¸ªé”™è¯¯/è­¦å‘Š
INFO:mcp_agents.project_manager.project_manager_agent:ç¼–è¯‘æ£€æŸ¥å®Œæˆ: å¤±è´¥
INFO:mcp.coordinator:âœ… Agent project_manager æ‰§è¡ŒæˆåŠŸ
INFO:mcp.coordinator:   è¿”å›ç»“æœé”®: ['success', 'project_path', 'compile_result', 'status', 'errors', 'total_errors', 'fix_suggestions']
INFO:mcp.coordinator:   æˆåŠŸæ ‡å¿—: False
INFO:mcp.coordinator:   é”™è¯¯æ•°é‡: 14
INFO:mcp_orchestrator.collaborative_workflow:ğŸ“¥ é¡¹ç›®ç®¡ç†Agentç¼–è¯‘ç»“æœ: success=False
INFO:mcp_orchestrator.workflow_context:æ›´æ–°ä¸Šä¸‹æ–‡: project_manager -> compile_check (å·¥ä½œæµ: error_fixing)
INFO:mcp_orchestrator.workflow_context:  ä¿®å¤éªŒè¯: ç¼–è¯‘é”™è¯¯ä»14ä¸ªå˜ä¸º14ä¸ª
INFO:mcp_orchestrator.collaborative_workflow:   - ç¼–è¯‘çŠ¶æ€: failed
INFO:mcp_orchestrator.collaborative_workflow:   - è¿”å›ç : 255
INFO:mcp_orchestrator.collaborative_workflow:   - é”™è¯¯æ•°é‡: 14
INFO:mcp_orchestrator.collaborative_workflow:   - è­¦å‘Šæ•°é‡: 0
WARNING:mcp_orchestrator.collaborative_workflow:âš ï¸ ç¼–è¯‘æ£€æŸ¥å¤±è´¥ï¼Œä½†ç»§ç»­åˆ°é”™è¯¯ä¿®å¤æ­¥éª¤
INFO:mcp_orchestrator.collaborative_workflow:   - é”™è¯¯ä¿¡æ¯: N/A
INFO:mcp_orchestrator.collaborative_workflow:     é”™è¯¯1: Failed :entry:default@CompileArkTS... 
INFO:mcp_orchestrator.collaborative_workflow:     é”™è¯¯2: ArkTS Compiler Error
INFO:mcp_orchestrator.collaborative_workflow:æ£€æµ‹åˆ° 14 ä¸ªç¼–è¯‘é”™è¯¯ï¼Œå°†è¿›å…¥ä¿®å¤æµç¨‹
INFO:mcp_orchestrator.collaborative_workflow:ç¬¬2æ¬¡ä¿®å¤åä»æœ‰14ä¸ªé”™è¯¯
INFO:mcp_orchestrator.collaborative_workflow:é”™è¯¯ä¿®å¤å¾ªç¯ ç¬¬3æ¬¡
INFO:mcp_orchestrator.collaborative_workflow:=== ğŸ’» æ‰§è¡Œæ­¥éª¤3: ä»£ç ç”Ÿæˆ ===
INFO:mcp_orchestrator.collaborative_workflow:ğŸ“¤ å‘é€ç»™ä»£ç ç”ŸæˆAgentçš„ä¸Šä¸‹æ–‡: ['session_id', 'user_requirement', 'current_phase', 'current_task_type', 'fix_attempt', 'workflow_type', 'workflow_guidance', 'task_description', 'errors_to_fix', 'error_analysis', 'files_to_fix', 'target_files_with_locations', 'solution_references', 'existing_files', 'operation_mode', 'preserve_existing_structure', 'focus_on_fixes', 'modification_only', 'precise_targeting']
INFO:mcp_orchestrator.collaborative_workflow:   - ä»»åŠ¡ç±»å‹: error_fixing
INFO:mcp_orchestrator.collaborative_workflow:   - è®¡åˆ’æ–‡ä»¶æ•°: 0
INFO:mcp_orchestrator.collaborative_workflow:   - å‚è€ƒèµ„æ–™æ•°: 0
INFO:mcp.coordinator:ğŸ¤– å¼€å§‹æ‰§è¡ŒAgent: code_generator
INFO:mcp.coordinator:   æ–¹æ³•: code.generate_harmonyos
INFO:mcp.coordinator:   å‚æ•°é”®: ['session_id', 'user_requirement', 'current_phase', 'current_task_type', 'fix_attempt', 'workflow_type', 'workflow_guidance', 'task_description', 'errors_to_fix', 'error_analysis', 'files_to_fix', 'target_files_with_locations', 'solution_references', 'existing_files', 'operation_mode', 'preserve_existing_structure', 'focus_on_fixes', 'modification_only', 'precise_targeting']
INFO:mcp.agent.code_generator:ä»£ç ç”ŸæˆAgentæ”¶åˆ°ä»»åŠ¡
INFO:mcp.agent.code_generator:å½“å‰é˜¶æ®µ: code_generation
INFO:mcp.agent.code_generator:ä»»åŠ¡ç±»å‹: error_fixing
INFO:mcp.agent.code_generator:ä¿®å¤å°è¯•: 3
INFO:mcp.agent.code_generator:ç”¨æˆ·éœ€æ±‚: Generate ImagePreview component according to README.md
INFO:mcp.agent.code_generator:å¼€å§‹é”™è¯¯ä¿®å¤
INFO:mcp.agent.code_generator:ğŸ“ ä½¿ç”¨ç²¾ç¡®å®šä½: True
INFO:mcp.agent.code_generator:ğŸ“ é¡¹ç›®ç®¡ç†Agentåˆ†æ: 0 ä¸ªé”™è¯¯
INFO:mcp.agent.code_generator:ğŸ“ ç¡®å®šä¿®å¤æ–‡ä»¶: 0 ä¸ªæ–‡ä»¶
INFO:mcp.agent.code_generator:ğŸ“ åŸå§‹é”™è¯¯ä¿¡æ¯: 42 ä¸ª
INFO:mcp.agent.code_generator:ğŸ“ ç°æœ‰æ–‡ä»¶: 1 ä¸ª
INFO:mcp.agent.code_generator:ä»£ç ç”Ÿæˆå®Œæˆ: True
INFO:mcp.coordinator:âœ… Agent code_generator æ‰§è¡ŒæˆåŠŸ
INFO:mcp.coordinator:   è¿”å›ç»“æœé”®: ['success', 'fixed_files', 'task_type', 'message']
INFO:mcp.coordinator:   æˆåŠŸæ ‡å¿—: True
INFO:mcp_orchestrator.collaborative_workflow:ğŸ“¥ ä»£ç ç”ŸæˆAgentè¿”å›ç»“æœ: success=True
INFO:mcp_orchestrator.collaborative_workflow:   - ç”Ÿæˆæ–‡ä»¶æ•°: 0
INFO:mcp_orchestrator.collaborative_workflow:   - ä»»åŠ¡ç±»å‹: error_fixing
INFO:mcp_orchestrator.workflow_context:æ›´æ–°ä¸Šä¸‹æ–‡: code_generator -> code_generation (å·¥ä½œæµ: error_fixing)
INFO:mcp_orchestrator.workflow_context:ä»£ç ç”ŸæˆAgentè¿”å›äº† 0 ä¸ªä¿®å¤åçš„æ–‡ä»¶
INFO:mcp_orchestrator.workflow_context:  ä¿®å¤æ¨¡å¼: æ›´æ–°äº†0ä¸ªæ–‡ä»¶
INFO:mcp_orchestrator.collaborative_workflow:âœ… ä»£ç ç”Ÿæˆå®Œæˆï¼Œç”Ÿæˆäº†1ä¸ªæ–‡ä»¶
INFO:mcp_orchestrator.collaborative_workflow:=== ğŸ” æ‰§è¡Œæ­¥éª¤4: é™æ€æ£€æŸ¥ (codelinter) ===
INFO:mcp_orchestrator.collaborative_workflow:ğŸ“¤ å‘é€ç»™ä»£ç æ£€æŸ¥Agentçš„ä¸Šä¸‹æ–‡: ['session_id', 'user_requirement', 'current_phase', 'current_task_type', 'fix_attempt', 'workflow_type', 'workflow_guidance', 'files_to_check', 'task_description', 'check_mode', 'previous_errors', 'focus_on_fixes']
INFO:mcp_orchestrator.collaborative_workflow:   - æ£€æŸ¥æ–‡ä»¶æ•°: 1
INFO:mcp_orchestrator.collaborative_workflow:   - é¡¹ç›®è·¯å¾„: N/A
INFO:mcp.coordinator:ğŸ¤– å¼€å§‹æ‰§è¡ŒAgent: code_checker
INFO:mcp.coordinator:   æ–¹æ³•: code.check.harmonyos
INFO:mcp.coordinator:   å‚æ•°é”®: ['session_id', 'user_requirement', 'current_phase', 'current_task_type', 'fix_attempt', 'workflow_type', 'workflow_guidance', 'files_to_check', 'task_description', 'check_mode', 'previous_errors', 'focus_on_fixes']
INFO:mcp_agents.code_checker.code_checker_agent:ğŸ” å¼€å§‹é¸¿è’™é™æ€æ£€æŸ¥
INFO:mcp_agents.code_checker.code_checker_agent:   - æ£€æŸ¥æ–‡ä»¶æ•°: 1
INFO:mcp_agents.code_checker.code_checker_agent:   - é¡¹ç›®è·¯å¾„: MyApplication2
INFO:mcp_agents.code_checker.code_checker_agent:   - å½“å‰é˜¶æ®µ: static_check
INFO:mcp_agents.code_checker.code_checker_agent:   - æ–‡ä»¶1: MyApplication2/entry/src/main/ets/pages/Index.ets
INFO:mcp_agents.code_checker.code_checker_agent:ğŸ“‹ æ‰§è¡Œcodelinteræ£€æŸ¥å‘½ä»¤...
INFO:mcp_agents.harmonyos.compiler_service:å¼€å§‹è¿è¡Œcodelinteræ£€æŸ¥...
INFO:mcp_agents.harmonyos.compiler_service:æ£€æµ‹åˆ°ç»Ÿè®¡æ‘˜è¦è¡Œ: -Defects: 4; Errors: 0; Warns: 4; Suggestions: 0;
INFO:mcp_agents.harmonyos.compiler_service:ç»Ÿè®¡æ‘˜è¦æ˜¾ç¤ºå®é™…é”™è¯¯æ•°é‡: 0
INFO:mcp_agents.harmonyos.compiler_service:ç»Ÿè®¡æ‘˜è¦æ˜¾ç¤ºæ²¡æœ‰å®é™…é”™è¯¯ï¼Œè¿”å›ç©ºåˆ—è¡¨
INFO:mcp_agents.code_checker.code_checker_agent:ğŸ“‹ codelinteræ£€æŸ¥ç»“æœ: success=True
INFO:mcp_agents.code_checker.code_checker_agent:   - åŸå§‹è¾“å‡ºé•¿åº¦: 4175
INFO:mcp_agents.code_checker.code_checker_agent:   - é—®é¢˜æ•°é‡: 0
INFO:mcp_agents.code_checker.code_checker_agent:é™æ€æ£€æŸ¥å®Œæˆ: 0 ä¸ªé”™è¯¯, 0 ä¸ªè­¦å‘Š
INFO:mcp.coordinator:âœ… Agent code_checker æ‰§è¡ŒæˆåŠŸ
INFO:mcp.coordinator:   è¿”å›ç»“æœé”®: ['success', 'errors', 'warnings', 'all_issues', 'total_errors', 'total_warnings', 'files_checked', 'check_type', 'project_path', 'raw_output', 'checked_at']
INFO:mcp.coordinator:   æˆåŠŸæ ‡å¿—: True
INFO:mcp.coordinator:   é”™è¯¯æ•°é‡: 0
INFO:mcp_orchestrator.collaborative_workflow:ğŸ“¥ ä»£ç æ£€æŸ¥Agentè¿”å›ç»“æœ: success=True
INFO:mcp_orchestrator.workflow_context:æ›´æ–°ä¸Šä¸‹æ–‡: code_checker -> static_check (å·¥ä½œæµ: error_fixing)
INFO:mcp_orchestrator.workflow_context:  codelinterç»Ÿè®¡ä¿¡æ¯æ˜¾ç¤ºæ²¡æœ‰å®é™…é”™è¯¯ (Errors: 0)ï¼Œè·³è¿‡é”™è¯¯å¤„ç†
INFO:mcp_orchestrator.collaborative_workflow:   - é”™è¯¯æ•°é‡: 0
INFO:mcp_orchestrator.collaborative_workflow:   - è­¦å‘Šæ•°é‡: 0
INFO:mcp_orchestrator.collaborative_workflow:   - æ£€æŸ¥ç±»å‹: codelinter
INFO:mcp_orchestrator.collaborative_workflow:âœ… é™æ€æ£€æŸ¥æˆåŠŸï¼Œæ— é”™è¯¯
INFO:mcp_orchestrator.collaborative_workflow:=== ğŸ”§ æ‰§è¡Œæ­¥éª¤5: ç¼–è¯‘æ£€æŸ¥ (hvigorw) ===
INFO:mcp_orchestrator.collaborative_workflow:ğŸ“¤ å‘é€ç»™é¡¹ç›®ç®¡ç†Agentçš„ç¼–è¯‘ä¸Šä¸‹æ–‡: ['session_id', 'user_requirement', 'current_phase', 'current_task_type', 'fix_attempt', 'workflow_type', 'workflow_guidance', 'task_description', 'is_error_analysis', 'is_fixing', 'current_errors', 'error_types', 'affected_files', 'existing_files']
INFO:mcp_orchestrator.collaborative_workflow:   - é¡¹ç›®è·¯å¾„: N/A
INFO:mcp_orchestrator.collaborative_workflow:   - ä»»åŠ¡æè¿°: åˆ†æIndex.etsæ–‡ä»¶çš„ç¼–è¯‘å’Œé™æ€æ£€æŸ¥é”™è¯¯ï¼Œç¡®å®šéœ€è¦ä¿®å¤çš„ä½ç½®ä¿¡æ¯
INFO:mcp.coordinator:ğŸ¤– å¼€å§‹æ‰§è¡ŒAgent: project_manager
INFO:mcp.coordinator:   æ–¹æ³•: project.hvigor_compile
INFO:mcp.coordinator:   å‚æ•°é”®: ['session_id', 'user_requirement', 'current_phase', 'current_task_type', 'fix_attempt', 'workflow_type', 'workflow_guidance', 'task_description', 'is_error_analysis', 'is_fixing', 'current_errors', 'error_types', 'affected_files', 'existing_files']
INFO:mcp_agents.project_manager.project_manager_agent:å¼€å§‹hvigorç¼–è¯‘æ£€æŸ¥: MyApplication2
INFO:mcp_agents.harmonyos.compiler_service:å¼€å§‹è¿è¡Œhvigorç¼–è¯‘...
INFO:mcp_agents.harmonyos.compiler_service:è§£æç¼–è¯‘è¾“å‡º: 14 ä¸ªé”™è¯¯/è­¦å‘Š
INFO:mcp_agents.project_manager.project_manager_agent:ç¼–è¯‘æ£€æŸ¥å®Œæˆ: å¤±è´¥
INFO:mcp.coordinator:âœ… Agent project_manager æ‰§è¡ŒæˆåŠŸ
INFO:mcp.coordinator:   è¿”å›ç»“æœé”®: ['success', 'project_path', 'compile_result', 'status', 'errors', 'total_errors', 'fix_suggestions']
INFO:mcp.coordinator:   æˆåŠŸæ ‡å¿—: False
INFO:mcp.coordinator:   é”™è¯¯æ•°é‡: 14
INFO:mcp_orchestrator.collaborative_workflow:ğŸ“¥ é¡¹ç›®ç®¡ç†Agentç¼–è¯‘ç»“æœ: success=False
INFO:mcp_orchestrator.workflow_context:æ›´æ–°ä¸Šä¸‹æ–‡: project_manager -> compile_check (å·¥ä½œæµ: error_fixing)
INFO:mcp_orchestrator.workflow_context:  ä¿®å¤éªŒè¯: ç¼–è¯‘é”™è¯¯ä»14ä¸ªå˜ä¸º14ä¸ª
INFO:mcp_orchestrator.collaborative_workflow:   - ç¼–è¯‘çŠ¶æ€: failed
INFO:mcp_orchestrator.collaborative_workflow:   - è¿”å›ç : 255
INFO:mcp_orchestrator.collaborative_workflow:   - é”™è¯¯æ•°é‡: 14
INFO:mcp_orchestrator.collaborative_workflow:   - è­¦å‘Šæ•°é‡: 0
WARNING:mcp_orchestrator.collaborative_workflow:âš ï¸ ç¼–è¯‘æ£€æŸ¥å¤±è´¥ï¼Œä½†ç»§ç»­åˆ°é”™è¯¯ä¿®å¤æ­¥éª¤
INFO:mcp_orchestrator.collaborative_workflow:   - é”™è¯¯ä¿¡æ¯: N/A
INFO:mcp_orchestrator.collaborative_workflow:     é”™è¯¯1: Failed :entry:default@CompileArkTS... 
INFO:mcp_orchestrator.collaborative_workflow:     é”™è¯¯2: ArkTS Compiler Error
INFO:mcp_orchestrator.collaborative_workflow:æ£€æµ‹åˆ° 14 ä¸ªç¼–è¯‘é”™è¯¯ï¼Œå°†è¿›å…¥ä¿®å¤æµç¨‹
INFO:mcp_orchestrator.collaborative_workflow:ç¬¬3æ¬¡ä¿®å¤åä»æœ‰14ä¸ªé”™è¯¯
WARNING:mcp_orchestrator.collaborative_workflow:é”™è¯¯ä¿®å¤å·¥ä½œæµå®Œæˆï¼Œä½†ä»æœ‰æœªè§£å†³çš„é”™è¯¯
INFO:mcp_orchestrator.collaborative_workflow:ğŸ“Š å·¥ä½œæµæ‰§è¡Œç»“æœ: æˆåŠŸ
INFO:mcp_orchestrator.collaborative_workflow:   - å·¥ä½œæµå®Œæˆ: False
INFO:mcp_orchestrator.collaborative_workflow:   - ç”Ÿæˆæ–‡ä»¶æ•°: 1
INFO:mcp_orchestrator.collaborative_workflow:   - é”™è¯¯ä¿®å¤æ¬¡æ•°: 3
INFO:mcp.coordinator:é¸¿è’™å·¥ä½œæµæ‰§è¡Œå®Œæˆ: 1c2db89d-2331-4150-bd08-b048fdfc561a
INFO:mcp.coordinator:é¸¿è’™å·¥ä½œæµçŠ¶æ€ç¡®å®š: success -> completed_with_errors
INFO:mcp.coordinator:  lint_errors: []
INFO:mcp.coordinator:  compile_errors: [{'file_path': 'unknown', 'error_type': 'compile', 'message': 'Failed :entry:default@CompileArkTS... \x1b[39m', 'line': None, 'column': None, 'severity': 'error', 'raw_output': '> hvigor \x1b[32mFinished ::PreBuildApp... after 1 ms \x1b[39m\n> hvigor \x1b[32mUP-TO-DATE :entry:default@PreBuild...  \x1b[39m\n> hvigor \x1b[32mUP-TO-DATE :library:default@PreBuild...  \x1b[39m\n> hvigor \x1b[32mFinished ::DuplicateDependencyCheck... after 1 ms \x1b[39m\n> hvigor \x1b[32mFinished :entry:default@CreateModuleInfo... after 1 ms \x1b[39m\n> hvigor \x1b[32mUP-TO-DATE :entry:default@GenerateMetadata...  \x1b[39m\n> hvigor \x1b[32mFinished :entry:default@PreCheckSyscap... after 1 ms \x1b[39m\n> hvigor \x1b[32mUP-TO-DATE :entry:default@GeneratePkgContextInfo...  \x1b[39m\n> hvigor \x1b[32mFinished :entry:default@ProcessIntegratedHsp... after 3 ms \x1b[39m\n> hvigor \x1b[32mUP-TO-DATE :library:default@CreateHarBuildProfile...  \x1b[39m\n> hvigor \x1b[32mFinished :library:default@ConfigureCmake... after 1 ms \x1b[39m\n> hvigor \x1b[32mUP-TO-DATE :library:default@MergeProfile...  \x1b[39m\n> hvigor \x1b[32mFinished :entry:default@SyscapTransform... after 1 ms \x1b[39m\n> hvigor \x1b[32mUP-TO-DATE :entry:default@ProcessRouterMap...  \x1b[39m\n> hvigor \x1b[32mFinished :entry:default@ProcessStartupConfig... after 1 ms \x1b[39m\n> hvigor \x1b[32mUP-TO-DATE :entry:default@CreateBuildProfile...  \x1b[39m\n> hvigor \x1b[32mFinished :library:default@BuildNativeWithCmake... after 1 ms \x1b[39m\n> hvigor \x1b[32mUP-TO-DATE :entry:default@MergeProfile...  \x1b[39m\n> hvigor \x1b[32mUP-TO-DATE :entry:default@GenerateLoaderJson...  \x1b[39m\n> hvigor \x1b[32mFinished :entry:default@ConfigureCmake... after 1 ms \x1b[39m\n> hvigor \x1b[32mFinished :library:default@BuildNativeWithNinja... after 1 ms \x1b[39m\n> hvigor \x1b[32mUP-TO-DATE :entry:default@MakePackInfo...  \x1b[39m\n> hvigor \x1b[32mUP-TO-DATE :entry:default@ProcessProfile...  \x1b[39m\n> hvigor \x1b[32mFinished :entry:default@BuildNativeWithCmake... after 1 ms \x1b[39m\n> hvigor \x1b[32mUP-TO-DATE :library:default@ProcessLibs...  \x1b[39m\n> hvigor \x1b[32mUP-TO-DATE :entry:default@ProcessResource...  \x1b[39m\n> hvigor \x1b[32mUP-TO-DATE :library:default@DoNativeStrip...  \x1b[39m\n> hvigor \x1b[32mUP-TO-DATE :entry:default@CompileResource...  \x1b[39m\n> hvigor \x1b[32mFinished :entry:default@BuildNativeWithNinja... after 1 ms \x1b[39m\n> hvigor \x1b[32mFinished :entry:default@BuildJS... after 2 ms \x1b[39m\n> hvigor \x1b[32mUP-TO-DATE :entry:default@ProcessLibs...  \x1b[39m\n> hvigor \x1b[32mUP-TO-DATE :entry:default@DoNativeStrip...  \x1b[39m\n> hvigor \x1b[32mUP-TO-DATE :entry:default@CacheNativeLibs...  \x1b[39m\n\x1b[33m "@ohos/arkui" is imported by "entry/src/main/ets/pages/Index.ets", but could not be resolved â€“ treating it as an external dependency. \x1b[39m\n\x1b[33m "@ohos/common" is imported by "entry/src/main/ets/pages/Index.ets", but could not be resolved â€“ treating it as an external dependency. \x1b[39m\n> hvigor \x1b[91mERROR: Failed :entry:default@CompileArkTS... \x1b[39m\n> hvigor \x1b[91mERROR: ArkTS Compiler Error\n\x1b[31m1 ERROR: \x1b[31m10505001 ArkTS Compiler Error\nError Message: Cannot find module \'@ohos/arkui\' or its corresponding type declarations. At File: /home/deepsearch/deep-searcher/MyApplication2/entry/src/main/ets/pages/Index.ets:2:52\n\x1b[39m\n\x1b[39m\n\x1b[31m2 ERROR: \x1b[31m10505001 ArkTS Compiler Error\nError Message: Cannot find module \'@ohos/common\' or its corresponding type declarations. At File: /home/deepsearch/deep-searcher/MyApplication2/entry/src/main/ets/pages/Index.ets:3:23\n\x1b[39m\n\x1b[39m\n\x1b[31m3 ERROR: \x1b[31m10505001 ArkTS Compiler Error\nError Message: Expected 0 arguments, but got 1. At File: /home/deepsearch/deep-searcher/MyApplication2/entry/src/main/ets/pages/Index.ets:14:55\n\x1b[39m\n\x1b[39m\n\x1b[31m4 ERROR: \x1b[31m10505001 ArkTS Compiler Error\nError Message: Argument of type \'{ onClick: () => void; }\' is not assignable to parameter of type \'{ readonly config?: ImagePreviewConfig; readonly swiperConfig?: ImagePreviewSwiperConfig; imageBuilder?: CustomBuilder; readonly state?: ImagePreviewState; readonly viewModel?: ImagePreviewViewModel; readonly imagePreviewGesture?: ImagePreviewGesture; }\'.\n  Object literal may only specify known properties, and \'onClick\' does not exist in type \'{ readonly config?: ImagePreviewConfig; readonly swiperConfig?: ImagePreviewSwiperConfig; imageBuilder?: CustomBuilder; readonly state?: ImagePreviewState; readonly viewModel?: ImagePreviewViewModel; readonly imagePreviewGesture?: ImagePreviewGesture; }\'. At File: /home/deepsearch/deep-searcher/MyApplication2/entry/src/main/ets/pages/Index.ets:35:9\n\x1b[39m\n\x1b[39m\n\x1b[31m5 ERROR: \x1b[31m10505001 ArkTS Compiler Error\nError Message: Cannot assign to \'indicatorCount\' because it is a read-only property. At File: /home/deepsearch/deep-searcher/MyApplication2/entry/src/main/ets/pages/Index.ets:65:25\n\x1b[39m\n\x1b[39m\n\x1b[31m6 ERROR: \x1b[31m10505001 ArkTS Compiler Error\nError Message: Argument of type \'{ config: ImagePreviewConfig; data: this; builder: (data: Index) => void; }\' is not assignable to parameter of type \'{ readonly listScroller?: ListScroller; imagesBuilder?: Function; readonly data?: Object; readonly config?: ImagePreviewConfig; readonly swiperConfig?: ImagePreviewSwiperConfig; }\'.\n  Object literal may only specify known properties, and \'builder\' does not exist in type \'{ readonly listScroller?: ListScroller; imagesBuilder?: Function; readonly data?: Object; readonly config?: ImagePreviewConfig; readonly swiperConfig?: ImagePreviewSwiperConfig; }\'. At File: /home/deepsearch/deep-searcher/MyApplication2/entry/src/main/ets/pages/Index.ets:75:11\n\x1b[39m\n\x1b[39m\n\x1b[31mCOMPILE RESULT:FAIL {ERROR:7}\x1b[39m\x1b[39m\n> hvigor \x1b[91mERROR: BUILD FAILED in 6 s 89 ms \x1b[39m\n'}, {'file_path': 'unknown', 'error_type': 'compile', 'message': 'ArkTS Compiler Error', 'line': None, 'column': None, 'severity': 'error', 'raw_output': '> hvigor \x1b[32mFinished ::PreBuildApp... after 1 ms \x1b[39m\n> hvigor \x1b[32mUP-TO-DATE :entry:default@PreBuild...  \x1b[39m\n> hvigor \x1b[32mUP-TO-DATE :library:default@PreBuild...  \x1b[39m\n> hvigor \x1b[32mFinished ::DuplicateDependencyCheck... after 1 ms \x1b[39m\n> hvigor \x1b[32mFinished :entry:default@CreateModuleInfo... after 1 ms \x1b[39m\n> hvigor \x1b[32mUP-TO-DATE :entry:default@GenerateMetadata...  \x1b[39m\n> hvigor \x1b[32mFinished :entry:default@PreCheckSyscap... after 1 ms \x1b[39m\n> hvigor \x1b[32mUP-TO-DATE :entry:default@GeneratePkgContextInfo...  \x1b[39m\n> hvigor \x1b[32mFinished :entry:default@ProcessIntegratedHsp... after 3 ms \x1b[39m\n> hvigor \x1b[32mUP-TO-DATE :library:default@CreateHarBuildProfile...  \x1b[39m\n> hvigor \x1b[32mFinished :library:default@ConfigureCmake... after 1 ms \x1b[39m\n> hvigor \x1b[32mUP-TO-DATE :library:default@MergeProfile...  \x1b[39m\n> hvigor \x1b[32mFinished :entry:default@SyscapTransform... after 1 ms \x1b[39m\n> hvigor \x1b[32mUP-TO-DATE :entry:default@ProcessRouterMap...  \x1b[39m\n> hvigor \x1b[32mFinished :entry:default@ProcessStartupConfig... after 1 ms \x1b[39m\n> hvigor \x1b[32mUP-TO-DATE :entry:default@CreateBuildProfile...  \x1b[39m\n> hvigor \x1b[32mFinished :library:default@BuildNativeWithCmake... after 1 ms \x1b[39m\n> hvigor \x1b[32mUP-TO-DATE :entry:default@MergeProfile...  \x1b[39m\n> hvigor \x1b[32mUP-TO-DATE :entry:default@GenerateLoaderJson...  \x1b[39m\n> hvigor \x1b[32mFinished :entry:default@ConfigureCmake... after 1 ms \x1b[39m\n> hvigor \x1b[32mFinished :library:default@BuildNativeWithNinja... after 1 ms \x1b[39m\n> hvigor \x1b[32mUP-TO-DATE :entry:default@MakePackInfo...  \x1b[39m\n> hvigor \x1b[32mUP-TO-DATE :entry:default@ProcessProfile...  \x1b[39m\n> hvigor \x1b[32mFinished :entry:default@BuildNativeWithCmake... after 1 ms \x1b[39m\n> hvigor \x1b[32mUP-TO-DATE :library:default@ProcessLibs...  \x1b[39m\n> hvigor \x1b[32mUP-TO-DATE :entry:default@ProcessResource...  \x1b[39m\n> hvigor \x1b[32mUP-TO-DATE :library:default@DoNativeStrip...  \x1b[39m\n> hvigor \x1b[32mUP-TO-DATE :entry:default@CompileResource...  \x1b[39m\n> hvigor \x1b[32mFinished :entry:default@BuildNativeWithNinja... after 1 ms \x1b[39m\n> hvigor \x1b[32mFinished :entry:default@BuildJS... after 2 ms \x1b[39m\n> hvigor \x1b[32mUP-TO-DATE :entry:default@ProcessLibs...  \x1b[39m\n> hvigor \x1b[32mUP-TO-DATE :entry:default@DoNativeStrip...  \x1b[39m\n> hvigor \x1b[32mUP-TO-DATE :entry:default@CacheNativeLibs...  \x1b[39m\n\x1b[33m "@ohos/arkui" is imported by "entry/src/main/ets/pages/Index.ets", but could not be resolved â€“ treating it as an external dependency. \x1b[39m\n\x1b[33m "@ohos/common" is imported by "entry/src/main/ets/pages/Index.ets", but could not be resolved â€“ treating it as an external dependency. \x1b[39m\n> hvigor \x1b[91mERROR: Failed :entry:default@CompileArkTS... \x1b[39m\n> hvigor \x1b[91mERROR: ArkTS Compiler Error\n\x1b[31m1 ERROR: \x1b[31m10505001 ArkTS Compiler Error\nError Message: Cannot find module \'@ohos/arkui\' or its corresponding type declarations. At File: /home/deepsearch/deep-searcher/MyApplication2/entry/src/main/ets/pages/Index.ets:2:52\n\x1b[39m\n\x1b[39m\n\x1b[31m2 ERROR: \x1b[31m10505001 ArkTS Compiler Error\nError Message: Cannot find module \'@ohos/common\' or its corresponding type declarations. At File: /home/deepsearch/deep-searcher/MyApplication2/entry/src/main/ets/pages/Index.ets:3:23\n\x1b[39m\n\x1b[39m\n\x1b[31m3 ERROR: \x1b[31m10505001 ArkTS Compiler Error\nError Message: Expected 0 arguments, but got 1. At File: /home/deepsearch/deep-searcher/MyApplication2/entry/src/main/ets/pages/Index.ets:14:55\n\x1b[39m\n\x1b[39m\n\x1b[31m4 ERROR: \x1b[31m10505001 ArkTS Compiler Error\nError Message: Argument of type \'{ onClick: () => void; }\' is not assignable to parameter of type \'{ readonly config?: ImagePreviewConfig; readonly swiperConfig?: ImagePreviewSwiperConfig; imageBuilder?: CustomBuilder; readonly state?: ImagePreviewState; readonly viewModel?: ImagePreviewViewModel; readonly imagePreviewGesture?: ImagePreviewGesture; }\'.\n  Object literal may only specify known properties, and \'onClick\' does not exist in type \'{ readonly config?: ImagePreviewConfig; readonly swiperConfig?: ImagePreviewSwiperConfig; imageBuilder?: CustomBuilder; readonly state?: ImagePreviewState; readonly viewModel?: ImagePreviewViewModel; readonly imagePreviewGesture?: ImagePreviewGesture; }\'. At File: /home/deepsearch/deep-searcher/MyApplication2/entry/src/main/ets/pages/Index.ets:35:9\n\x1b[39m\n\x1b[39m\n\x1b[31m5 ERROR: \x1b[31m10505001 ArkTS Compiler Error\nError Message: Cannot assign to \'indicatorCount\' because it is a read-only property. At File: /home/deepsearch/deep-searcher/MyApplication2/entry/src/main/ets/pages/Index.ets:65:25\n\x1b[39m\n\x1b[39m\n\x1b[31m6 ERROR: \x1b[31m10505001 ArkTS Compiler Error\nError Message: Argument of type \'{ config: ImagePreviewConfig; data: this; builder: (data: Index) => void; }\' is not assignable to parameter of type \'{ readonly listScroller?: ListScroller; imagesBuilder?: Function; readonly data?: Object; readonly config?: ImagePreviewConfig; readonly swiperConfig?: ImagePreviewSwiperConfig; }\'.\n  Object literal may only specify known properties, and \'builder\' does not exist in type \'{ readonly listScroller?: ListScroller; imagesBuilder?: Function; readonly data?: Object; readonly config?: ImagePreviewConfig; readonly swiperConfig?: ImagePreviewSwiperConfig; }\'. At File: /home/deepsearch/deep-searcher/MyApplication2/entry/src/main/ets/pages/Index.ets:75:11\n\x1b[39m\n\x1b[39m\n\x1b[31mCOMPILE RESULT:FAIL {ERROR:7}\x1b[39m\x1b[39m\n> hvigor \x1b[91mERROR: BUILD FAILED in 6 s 89 ms \x1b[39m\n'}, {'file_path': 'unknown', 'error_type': 'compile', 'message': '\x1b[31m10505001 ArkTS Compiler Error', 'line': None, 'column': None, 'severity': 'error', 'raw_output': '> hvigor \x1b[32mFinished ::PreBuildApp... after 1 ms \x1b[39m\n> hvigor \x1b[32mUP-TO-DATE :entry:default@PreBuild...  \x1b[39m\n> hvigor \x1b[32mUP-TO-DATE :library:default@PreBuild...  \x1b[39m\n> hvigor \x1b[32mFinished ::DuplicateDependencyCheck... after 1 ms \x1b[39m\n> hvigor \x1b[32mFinished :entry:default@CreateModuleInfo... after 1 ms \x1b[39m\n> hvigor \x1b[32mUP-TO-DATE :entry:default@GenerateMetadata...  \x1b[39m\n> hvigor \x1b[32mFinished :entry:default@PreCheckSyscap... after 1 ms \x1b[39m\n> hvigor \x1b[32mUP-TO-DATE :entry:default@GeneratePkgContextInfo...  \x1b[39m\n> hvigor \x1b[32mFinished :entry:default@ProcessIntegratedHsp... after 3 ms \x1b[39m\n> hvigor \x1b[32mUP-TO-DATE :library:default@CreateHarBuildProfile...  \x1b[39m\n> hvigor \x1b[32mFinished :library:default@ConfigureCmake... after 1 ms \x1b[39m\n> hvigor \x1b[32mUP-TO-DATE :library:default@MergeProfile...  \x1b[39m\n> hvigor \x1b[32mFinished :entry:default@SyscapTransform... after 1 ms \x1b[39m\n> hvigor \x1b[32mUP-TO-DATE :entry:default@ProcessRouterMap...  \x1b[39m\n> hvigor \x1b[32mFinished :entry:default@ProcessStartupConfig... after 1 ms \x1b[39m\n> hvigor \x1b[32mUP-TO-DATE :entry:default@CreateBuildProfile...  \x1b[39m\n> hvigor \x1b[32mFinished :library:default@BuildNativeWithCmake... after 1 ms \x1b[39m\n> hvigor \x1b[32mUP-TO-DATE :entry:default@MergeProfile...  \x1b[39m\n> hvigor \x1b[32mUP-TO-DATE :entry:default@GenerateLoaderJson...  \x1b[39m\n> hvigor \x1b[32mFinished :entry:default@ConfigureCmake... after 1 ms \x1b[39m\n> hvigor \x1b[32mFinished :library:default@BuildNativeWithNinja... after 1 ms \x1b[39m\n> hvigor \x1b[32mUP-TO-DATE :entry:default@MakePackInfo...  \x1b[39m\n> hvigor \x1b[32mUP-TO-DATE :entry:default@ProcessProfile...  \x1b[39m\n> hvigor \x1b[32mFinished :entry:default@BuildNativeWithCmake... after 1 ms \x1b[39m\n> hvigor \x1b[32mUP-TO-DATE :library:default@ProcessLibs...  \x1b[39m\n> hvigor \x1b[32mUP-TO-DATE :entry:default@ProcessResource...  \x1b[39m\n> hvigor \x1b[32mUP-TO-DATE :library:default@DoNativeStrip...  \x1b[39m\n> hvigor \x1b[32mUP-TO-DATE :entry:default@CompileResource...  \x1b[39m\n> hvigor \x1b[32mFinished :entry:default@BuildNativeWithNinja... after 1 ms \x1b[39m\n> hvigor \x1b[32mFinished :entry:default@BuildJS... after 2 ms \x1b[39m\n> hvigor \x1b[32mUP-TO-DATE :entry:default@ProcessLibs...  \x1b[39m\n> hvigor \x1b[32mUP-TO-DATE :entry:default@DoNativeStrip...  \x1b[39m\n> hvigor \x1b[32mUP-TO-DATE :entry:default@CacheNativeLibs...  \x1b[39m\n\x1b[33m "@ohos/arkui" is imported by "entry/src/main/ets/pages/Index.ets", but could not be resolved â€“ treating it as an external dependency. \x1b[39m\n\x1b[33m "@ohos/common" is imported by "entry/src/main/ets/pages/Index.ets", but could not be resolved â€“ treating it as an external dependency. \x1b[39m\n> hvigor \x1b[91mERROR: Failed :entry:default@CompileArkTS... \x1b[39m\n> hvigor \x1b[91mERROR: ArkTS Compiler Error\n\x1b[31m1 ERROR: \x1b[31m10505001 ArkTS Compiler Error\nError Message: Cannot find module \'@ohos/arkui\' or its corresponding type declarations. At File: /home/deepsearch/deep-searcher/MyApplication2/entry/src/main/ets/pages/Index.ets:2:52\n\x1b[39m\n\x1b[39m\n\x1b[31m2 ERROR: \x1b[31m10505001 ArkTS Compiler Error\nError Message: Cannot find module \'@ohos/common\' or its corresponding type declarations. At File: /home/deepsearch/deep-searcher/MyApplication2/entry/src/main/ets/pages/Index.ets:3:23\n\x1b[39m\n\x1b[39m\n\x1b[31m3 ERROR: \x1b[31m10505001 ArkTS Compiler Error\nError Message: Expected 0 arguments, but got 1. At File: /home/deepsearch/deep-searcher/MyApplication2/entry/src/main/ets/pages/Index.ets:14:55\n\x1b[39m\n\x1b[39m\n\x1b[31m4 ERROR: \x1b[31m10505001 ArkTS Compiler Error\nError Message: Argument of type \'{ onClick: () => void; }\' is not assignable to parameter of type \'{ readonly config?: ImagePreviewConfig; readonly swiperConfig?: ImagePreviewSwiperConfig; imageBuilder?: CustomBuilder; readonly state?: ImagePreviewState; readonly viewModel?: ImagePreviewViewModel; readonly imagePreviewGesture?: ImagePreviewGesture; }\'.\n  Object literal may only specify known properties, and \'onClick\' does not exist in type \'{ readonly config?: ImagePreviewConfig; readonly swiperConfig?: ImagePreviewSwiperConfig; imageBuilder?: CustomBuilder; readonly state?: ImagePreviewState; readonly viewModel?: ImagePreviewViewModel; readonly imagePreviewGesture?: ImagePreviewGesture; }\'. At File: /home/deepsearch/deep-searcher/MyApplication2/entry/src/main/ets/pages/Index.ets:35:9\n\x1b[39m\n\x1b[39m\n\x1b[31m5 ERROR: \x1b[31m10505001 ArkTS Compiler Error\nError Message: Cannot assign to \'indicatorCount\' because it is a read-only property. At File: /home/deepsearch/deep-searcher/MyApplication2/entry/src/main/ets/pages/Index.ets:65:25\n\x1b[39m\n\x1b[39m\n\x1b[31m6 ERROR: \x1b[31m10505001 ArkTS Compiler Error\nError Message: Argument of type \'{ config: ImagePreviewConfig; data: this; builder: (data: Index) => void; }\' is not assignable to parameter of type \'{ readonly listScroller?: ListScroller; imagesBuilder?: Function; readonly data?: Object; readonly config?: ImagePreviewConfig; readonly swiperConfig?: ImagePreviewSwiperConfig; }\'.\n  Object literal may only specify known properties, and \'builder\' does not exist in type \'{ readonly listScroller?: ListScroller; imagesBuilder?: Function; readonly data?: Object; readonly config?: ImagePreviewConfig; readonly swiperConfig?: ImagePreviewSwiperConfig; }\'. At File: /home/deepsearch/deep-searcher/MyApplication2/entry/src/main/ets/pages/Index.ets:75:11\n\x1b[39m\n\x1b[39m\n\x1b[31mCOMPILE RESULT:FAIL {ERROR:7}\x1b[39m\x1b[39m\n> hvigor \x1b[91mERROR: BUILD FAILED in 6 s 89 ms \x1b[39m\n'}, {'file_path': 'unknown', 'error_type': 'compile', 'message': '', 'line': None, 'column': None, 'severity': 'error', 'raw_output': '> hvigor \x1b[32mFinished ::PreBuildApp... after 1 ms \x1b[39m\n> hvigor \x1b[32mUP-TO-DATE :entry:default@PreBuild...  \x1b[39m\n> hvigor \x1b[32mUP-TO-DATE :library:default@PreBuild...  \x1b[39m\n> hvigor \x1b[32mFinished ::DuplicateDependencyCheck... after 1 ms \x1b[39m\n> hvigor \x1b[32mFinished :entry:default@CreateModuleInfo... after 1 ms \x1b[39m\n> hvigor \x1b[32mUP-TO-DATE :entry:default@GenerateMetadata...  \x1b[39m\n> hvigor \x1b[32mFinished :entry:default@PreCheckSyscap... after 1 ms \x1b[39m\n> hvigor \x1b[32mUP-TO-DATE :entry:default@GeneratePkgContextInfo...  \x1b[39m\n> hvigor \x1b[32mFinished :entry:default@ProcessIntegratedHsp... after 3 ms \x1b[39m\n> hvigor \x1b[32mUP-TO-DATE :library:default@CreateHarBuildProfile...  \x1b[39m\n> hvigor \x1b[32mFinished :library:default@ConfigureCmake... after 1 ms \x1b[39m\n> hvigor \x1b[32mUP-TO-DATE :library:default@MergeProfile...  \x1b[39m\n> hvigor \x1b[32mFinished :entry:default@SyscapTransform... after 1 ms \x1b[39m\n> hvigor \x1b[32mUP-TO-DATE :entry:default@ProcessRouterMap...  \x1b[39m\n> hvigor \x1b[32mFinished :entry:default@ProcessStartupConfig... after 1 ms \x1b[39m\n> hvigor \x1b[32mUP-TO-DATE :entry:default@CreateBuildProfile...  \x1b[39m\n> hvigor \x1b[32mFinished :library:default@BuildNativeWithCmake... after 1 ms \x1b[39m\n> hvigor \x1b[32mUP-TO-DATE :entry:default@MergeProfile...  \x1b[39m\n> hvigor \x1b[32mUP-TO-DATE :entry:default@GenerateLoaderJson...  \x1b[39m\n> hvigor \x1b[32mFinished :entry:default@ConfigureCmake... after 1 ms \x1b[39m\n> hvigor \x1b[32mFinished :library:default@BuildNativeWithNinja... after 1 ms \x1b[39m\n> hvigor \x1b[32mUP-TO-DATE :entry:default@MakePackInfo...  \x1b[39m\n> hvigor \x1b[32mUP-TO-DATE :entry:default@ProcessProfile...  \x1b[39m\n> hvigor \x1b[32mFinished :entry:default@BuildNativeWithCmake... after 1 ms \x1b[39m\n> hvigor \x1b[32mUP-TO-DATE :library:default@ProcessLibs...  \x1b[39m\n> hvigor \x1b[32mUP-TO-DATE :entry:default@ProcessResource...  \x1b[39m\n> hvigor \x1b[32mUP-TO-DATE :library:default@DoNativeStrip...  \x1b[39m\n> hvigor \x1b[32mUP-TO-DATE :entry:default@CompileResource...  \x1b[39m\n> hvigor \x1b[32mFinished :entry:default@BuildNativeWithNinja... after 1 ms \x1b[39m\n> hvigor \x1b[32mFinished :entry:default@BuildJS... after 2 ms \x1b[39m\n> hvigor \x1b[32mUP-TO-DATE :entry:default@ProcessLibs...  \x1b[39m\n> hvigor \x1b[32mUP-TO-DATE :entry:default@DoNativeStrip...  \x1b[39m\n> hvigor \x1b[32mUP-TO-DATE :entry:default@CacheNativeLibs...  \x1b[39m\n\x1b[33m "@ohos/arkui" is imported by "entry/src/main/ets/pages/Index.ets", but could not be resolved â€“ treating it as an external dependency. \x1b[39m\n\x1b[33m "@ohos/common" is imported by "entry/src/main/ets/pages/Index.ets", but could not be resolved â€“ treating it as an external dependency. \x1b[39m\n> hvigor \x1b[91mERROR: Failed :entry:default@CompileArkTS... \x1b[39m\n> hvigor \x1b[91mERROR: ArkTS Compiler Error\n\x1b[31m1 ERROR: \x1b[31m10505001 ArkTS Compiler Error\nError Message: Cannot find module \'@ohos/arkui\' or its corresponding type declarations. At File: /home/deepsearch/deep-searcher/MyApplication2/entry/src/main/ets/pages/Index.ets:2:52\n\x1b[39m\n\x1b[39m\n\x1b[31m2 ERROR: \x1b[31m10505001 ArkTS Compiler Error\nError Message: Cannot find module \'@ohos/common\' or its corresponding type declarations. At File: /home/deepsearch/deep-searcher/MyApplication2/entry/src/main/ets/pages/Index.ets:3:23\n\x1b[39m\n\x1b[39m\n\x1b[31m3 ERROR: \x1b[31m10505001 ArkTS Compiler Error\nError Message: Expected 0 arguments, but got 1. At File: /home/deepsearch/deep-searcher/MyApplication2/entry/src/main/ets/pages/Index.ets:14:55\n\x1b[39m\n\x1b[39m\n\x1b[31m4 ERROR: \x1b[31m10505001 ArkTS Compiler Error\nError Message: Argument of type \'{ onClick: () => void; }\' is not assignable to parameter of type \'{ readonly config?: ImagePreviewConfig; readonly swiperConfig?: ImagePreviewSwiperConfig; imageBuilder?: CustomBuilder; readonly state?: ImagePreviewState; readonly viewModel?: ImagePreviewViewModel; readonly imagePreviewGesture?: ImagePreviewGesture; }\'.\n  Object literal may only specify known properties, and \'onClick\' does not exist in type \'{ readonly config?: ImagePreviewConfig; readonly swiperConfig?: ImagePreviewSwiperConfig; imageBuilder?: CustomBuilder; readonly state?: ImagePreviewState; readonly viewModel?: ImagePreviewViewModel; readonly imagePreviewGesture?: ImagePreviewGesture; }\'. At File: /home/deepsearch/deep-searcher/MyApplication2/entry/src/main/ets/pages/Index.ets:35:9\n\x1b[39m\n\x1b[39m\n\x1b[31m5 ERROR: \x1b[31m10505001 ArkTS Compiler Error\nError Message: Cannot assign to \'indicatorCount\' because it is a read-only property. At File: /home/deepsearch/deep-searcher/MyApplication2/entry/src/main/ets/pages/Index.ets:65:25\n\x1b[39m\n\x1b[39m\n\x1b[31m6 ERROR: \x1b[31m10505001 ArkTS Compiler Error\nError Message: Argument of type \'{ config: ImagePreviewConfig; data: this; builder: (data: Index) => void; }\' is not assignable to parameter of type \'{ readonly listScroller?: ListScroller; imagesBuilder?: Function; readonly data?: Object; readonly config?: ImagePreviewConfig; readonly swiperConfig?: ImagePreviewSwiperConfig; }\'.\n  Object literal may only specify known properties, and \'builder\' does not exist in type \'{ readonly listScroller?: ListScroller; imagesBuilder?: Function; readonly data?: Object; readonly config?: ImagePreviewConfig; readonly swiperConfig?: ImagePreviewSwiperConfig; }\'. At File: /home/deepsearch/deep-searcher/MyApplication2/entry/src/main/ets/pages/Index.ets:75:11\n\x1b[39m\n\x1b[39m\n\x1b[31mCOMPILE RESULT:FAIL {ERROR:7}\x1b[39m\x1b[39m\n> hvigor \x1b[91mERROR: BUILD FAILED in 6 s 89 ms \x1b[39m\n'}, {'file_path': 'unknown', 'error_type': 'compile', 'message': '\x1b[31m10505001 ArkTS Compiler Error', 'line': None, 'column': None, 'severity': 'error', 'raw_output': '> hvigor \x1b[32mFinished ::PreBuildApp... after 1 ms \x1b[39m\n> hvigor \x1b[32mUP-TO-DATE :entry:default@PreBuild...  \x1b[39m\n> hvigor \x1b[32mUP-TO-DATE :library:default@PreBuild...  \x1b[39m\n> hvigor \x1b[32mFinished ::DuplicateDependencyCheck... after 1 ms \x1b[39m\n> hvigor \x1b[32mFinished :entry:default@CreateModuleInfo... after 1 ms \x1b[39m\n> hvigor \x1b[32mUP-TO-DATE :entry:default@GenerateMetadata...  \x1b[39m\n> hvigor \x1b[32mFinished :entry:default@PreCheckSyscap... after 1 ms \x1b[39m\n> hvigor \x1b[32mUP-TO-DATE :entry:default@GeneratePkgContextInfo...  \x1b[39m\n> hvigor \x1b[32mFinished :entry:default@ProcessIntegratedHsp... after 3 ms \x1b[39m\n> hvigor \x1b[32mUP-TO-DATE :library:default@CreateHarBuildProfile...  \x1b[39m\n> hvigor \x1b[32mFinished :library:default@ConfigureCmake... after 1 ms \x1b[39m\n> hvigor \x1b[32mUP-TO-DATE :library:default@MergeProfile...  \x1b[39m\n> hvigor \x1b[32mFinished :entry:default@SyscapTransform... after 1 ms \x1b[39m\n> hvigor \x1b[32mUP-TO-DATE :entry:default@ProcessRouterMap...  \x1b[39m\n> hvigor \x1b[32mFinished :entry:default@ProcessStartupConfig... after 1 ms \x1b[39m\n> hvigor \x1b[32mUP-TO-DATE :entry:default@CreateBuildProfile...  \x1b[39m\n> hvigor \x1b[32mFinished :library:default@BuildNativeWithCmake... after 1 ms \x1b[39m\n> hvigor \x1b[32mUP-TO-DATE :entry:default@MergeProfile...  \x1b[39m\n> hvigor \x1b[32mUP-TO-DATE :entry:default@GenerateLoaderJson...  \x1b[39m\n> hvigor \x1b[32mFinished :entry:default@ConfigureCmake... after 1 ms \x1b[39m\n> hvigor \x1b[32mFinished :library:default@BuildNativeWithNinja... after 1 ms \x1b[39m\n> hvigor \x1b[32mUP-TO-DATE :entry:default@MakePackInfo...  \x1b[39m\n> hvigor \x1b[32mUP-TO-DATE :entry:default@ProcessProfile...  \x1b[39m\n> hvigor \x1b[32mFinished :entry:default@BuildNativeWithCmake... after 1 ms \x1b[39m\n> hvigor \x1b[32mUP-TO-DATE :library:default@ProcessLibs...  \x1b[39m\n> hvigor \x1b[32mUP-TO-DATE :entry:default@ProcessResource...  \x1b[39m\n> hvigor \x1b[32mUP-TO-DATE :library:default@DoNativeStrip...  \x1b[39m\n> hvigor \x1b[32mUP-TO-DATE :entry:default@CompileResource...  \x1b[39m\n> hvigor \x1b[32mFinished :entry:default@BuildNativeWithNinja... after 1 ms \x1b[39m\n> hvigor \x1b[32mFinished :entry:default@BuildJS... after 2 ms \x1b[39m\n> hvigor \x1b[32mUP-TO-DATE :entry:default@ProcessLibs...  \x1b[39m\n> hvigor \x1b[32mUP-TO-DATE :entry:default@DoNativeStrip...  \x1b[39m\n> hvigor \x1b[32mUP-TO-DATE :entry:default@CacheNativeLibs...  \x1b[39m\n\x1b[33m "@ohos/arkui" is imported by "entry/src/main/ets/pages/Index.ets", but could not be resolved â€“ treating it as an external dependency. \x1b[39m\n\x1b[33m "@ohos/common" is imported by "entry/src/main/ets/pages/Index.ets", but could not be resolved â€“ treating it as an external dependency. \x1b[39m\n> hvigor \x1b[91mERROR: Failed :entry:default@CompileArkTS... \x1b[39m\n> hvigor \x1b[91mERROR: ArkTS Compiler Error\n\x1b[31m1 ERROR: \x1b[31m10505001 ArkTS Compiler Error\nError Message: Cannot find module \'@ohos/arkui\' or its corresponding type declarations. At File: /home/deepsearch/deep-searcher/MyApplication2/entry/src/main/ets/pages/Index.ets:2:52\n\x1b[39m\n\x1b[39m\n\x1b[31m2 ERROR: \x1b[31m10505001 ArkTS Compiler Error\nError Message: Cannot find module \'@ohos/common\' or its corresponding type declarations. At File: /home/deepsearch/deep-searcher/MyApplication2/entry/src/main/ets/pages/Index.ets:3:23\n\x1b[39m\n\x1b[39m\n\x1b[31m3 ERROR: \x1b[31m10505001 ArkTS Compiler Error\nError Message: Expected 0 arguments, but got 1. At File: /home/deepsearch/deep-searcher/MyApplication2/entry/src/main/ets/pages/Index.ets:14:55\n\x1b[39m\n\x1b[39m\n\x1b[31m4 ERROR: \x1b[31m10505001 ArkTS Compiler Error\nError Message: Argument of type \'{ onClick: () => void; }\' is not assignable to parameter of type \'{ readonly config?: ImagePreviewConfig; readonly swiperConfig?: ImagePreviewSwiperConfig; imageBuilder?: CustomBuilder; readonly state?: ImagePreviewState; readonly viewModel?: ImagePreviewViewModel; readonly imagePreviewGesture?: ImagePreviewGesture; }\'.\n  Object literal may only specify known properties, and \'onClick\' does not exist in type \'{ readonly config?: ImagePreviewConfig; readonly swiperConfig?: ImagePreviewSwiperConfig; imageBuilder?: CustomBuilder; readonly state?: ImagePreviewState; readonly viewModel?: ImagePreviewViewModel; readonly imagePreviewGesture?: ImagePreviewGesture; }\'. At File: /home/deepsearch/deep-searcher/MyApplication2/entry/src/main/ets/pages/Index.ets:35:9\n\x1b[39m\n\x1b[39m\n\x1b[31m5 ERROR: \x1b[31m10505001 ArkTS Compiler Error\nError Message: Cannot assign to \'indicatorCount\' because it is a read-only property. At File: /home/deepsearch/deep-searcher/MyApplication2/entry/src/main/ets/pages/Index.ets:65:25\n\x1b[39m\n\x1b[39m\n\x1b[31m6 ERROR: \x1b[31m10505001 ArkTS Compiler Error\nError Message: Argument of type \'{ config: ImagePreviewConfig; data: this; builder: (data: Index) => void; }\' is not assignable to parameter of type \'{ readonly listScroller?: ListScroller; imagesBuilder?: Function; readonly data?: Object; readonly config?: ImagePreviewConfig; readonly swiperConfig?: ImagePreviewSwiperConfig; }\'.\n  Object literal may only specify known properties, and \'builder\' does not exist in type \'{ readonly listScroller?: ListScroller; imagesBuilder?: Function; readonly data?: Object; readonly config?: ImagePreviewConfig; readonly swiperConfig?: ImagePreviewSwiperConfig; }\'. At File: /home/deepsearch/deep-searcher/MyApplication2/entry/src/main/ets/pages/Index.ets:75:11\n\x1b[39m\n\x1b[39m\n\x1b[31mCOMPILE RESULT:FAIL {ERROR:7}\x1b[39m\x1b[39m\n> hvigor \x1b[91mERROR: BUILD FAILED in 6 s 89 ms \x1b[39m\n'}, {'file_path': 'unknown', 'error_type': 'compile', 'message': '', 'line': None, 'column': None, 'severity': 'error', 'raw_output': '> hvigor \x1b[32mFinished ::PreBuildApp... after 1 ms \x1b[39m\n> hvigor \x1b[32mUP-TO-DATE :entry:default@PreBuild...  \x1b[39m\n> hvigor \x1b[32mUP-TO-DATE :library:default@PreBuild...  \x1b[39m\n> hvigor \x1b[32mFinished ::DuplicateDependencyCheck... after 1 ms \x1b[39m\n> hvigor \x1b[32mFinished :entry:default@CreateModuleInfo... after 1 ms \x1b[39m\n> hvigor \x1b[32mUP-TO-DATE :entry:default@GenerateMetadata...  \x1b[39m\n> hvigor \x1b[32mFinished :entry:default@PreCheckSyscap... after 1 ms \x1b[39m\n> hvigor \x1b[32mUP-TO-DATE :entry:default@GeneratePkgContextInfo...  \x1b[39m\n> hvigor \x1b[32mFinished :entry:default@ProcessIntegratedHsp... after 3 ms \x1b[39m\n> hvigor \x1b[32mUP-TO-DATE :library:default@CreateHarBuildProfile...  \x1b[39m\n> hvigor \x1b[32mFinished :library:default@ConfigureCmake... after 1 ms \x1b[39m\n> hvigor \x1b[32mUP-TO-DATE :library:default@MergeProfile...  \x1b[39m\n> hvigor \x1b[32mFinished :entry:default@SyscapTransform... after 1 ms \x1b[39m\n> hvigor \x1b[32mUP-TO-DATE :entry:default@ProcessRouterMap...  \x1b[39m\n> hvigor \x1b[32mFinished :entry:default@ProcessStartupConfig... after 1 ms \x1b[39m\n> hvigor \x1b[32mUP-TO-DATE :entry:default@CreateBuildProfile...  \x1b[39m\n> hvigor \x1b[32mFinished :library:default@BuildNativeWithCmake... after 1 ms \x1b[39m\n> hvigor \x1b[32mUP-TO-DATE :entry:default@MergeProfile...  \x1b[39m\n> hvigor \x1b[32mUP-TO-DATE :entry:default@GenerateLoaderJson...  \x1b[39m\n> hvigor \x1b[32mFinished :entry:default@ConfigureCmake... after 1 ms \x1b[39m\n> hvigor \x1b[32mFinished :library:default@BuildNativeWithNinja... after 1 ms \x1b[39m\n> hvigor \x1b[32mUP-TO-DATE :entry:default@MakePackInfo...  \x1b[39m\n> hvigor \x1b[32mUP-TO-DATE :entry:default@ProcessProfile...  \x1b[39m\n> hvigor \x1b[32mFinished :entry:default@BuildNativeWithCmake... after 1 ms \x1b[39m\n> hvigor \x1b[32mUP-TO-DATE :library:default@ProcessLibs...  \x1b[39m\n> hvigor \x1b[32mUP-TO-DATE :entry:default@ProcessResource...  \x1b[39m\n> hvigor \x1b[32mUP-TO-DATE :library:default@DoNativeStrip...  \x1b[39m\n> hvigor \x1b[32mUP-TO-DATE :entry:default@CompileResource...  \x1b[39m\n> hvigor \x1b[32mFinished :entry:default@BuildNativeWithNinja... after 1 ms \x1b[39m\n> hvigor \x1b[32mFinished :entry:default@BuildJS... after 2 ms \x1b[39m\n> hvigor \x1b[32mUP-TO-DATE :entry:default@ProcessLibs...  \x1b[39m\n> hvigor \x1b[32mUP-TO-DATE :entry:default@DoNativeStrip...  \x1b[39m\n> hvigor \x1b[32mUP-TO-DATE :entry:default@CacheNativeLibs...  \x1b[39m\n\x1b[33m "@ohos/arkui" is imported by "entry/src/main/ets/pages/Index.ets", but could not be resolved â€“ treating it as an external dependency. \x1b[39m\n\x1b[33m "@ohos/common" is imported by "entry/src/main/ets/pages/Index.ets", but could not be resolved â€“ treating it as an external dependency. \x1b[39m\n> hvigor \x1b[91mERROR: Failed :entry:default@CompileArkTS... \x1b[39m\n> hvigor \x1b[91mERROR: ArkTS Compiler Error\n\x1b[31m1 ERROR: \x1b[31m10505001 ArkTS Compiler Error\nError Message: Cannot find module \'@ohos/arkui\' or its corresponding type declarations. At File: /home/deepsearch/deep-searcher/MyApplication2/entry/src/main/ets/pages/Index.ets:2:52\n\x1b[39m\n\x1b[39m\n\x1b[31m2 ERROR: \x1b[31m10505001 ArkTS Compiler Error\nError Message: Cannot find module \'@ohos/common\' or its corresponding type declarations. At File: /home/deepsearch/deep-searcher/MyApplication2/entry/src/main/ets/pages/Index.ets:3:23\n\x1b[39m\n\x1b[39m\n\x1b[31m3 ERROR: \x1b[31m10505001 ArkTS Compiler Error\nError Message: Expected 0 arguments, but got 1. At File: /home/deepsearch/deep-searcher/MyApplication2/entry/src/main/ets/pages/Index.ets:14:55\n\x1b[39m\n\x1b[39m\n\x1b[31m4 ERROR: \x1b[31m10505001 ArkTS Compiler Error\nError Message: Argument of type \'{ onClick: () => void; }\' is not assignable to parameter of type \'{ readonly config?: ImagePreviewConfig; readonly swiperConfig?: ImagePreviewSwiperConfig; imageBuilder?: CustomBuilder; readonly state?: ImagePreviewState; readonly viewModel?: ImagePreviewViewModel; readonly imagePreviewGesture?: ImagePreviewGesture; }\'.\n  Object literal may only specify known properties, and \'onClick\' does not exist in type \'{ readonly config?: ImagePreviewConfig; readonly swiperConfig?: ImagePreviewSwiperConfig; imageBuilder?: CustomBuilder; readonly state?: ImagePreviewState; readonly viewModel?: ImagePreviewViewModel; readonly imagePreviewGesture?: ImagePreviewGesture; }\'. At File: /home/deepsearch/deep-searcher/MyApplication2/entry/src/main/ets/pages/Index.ets:35:9\n\x1b[39m\n\x1b[39m\n\x1b[31m5 ERROR: \x1b[31m10505001 ArkTS Compiler Error\nError Message: Cannot assign to \'indicatorCount\' because it is a read-only property. At File: /home/deepsearch/deep-searcher/MyApplication2/entry/src/main/ets/pages/Index.ets:65:25\n\x1b[39m\n\x1b[39m\n\x1b[31m6 ERROR: \x1b[31m10505001 ArkTS Compiler Error\nError Message: Argument of type \'{ config: ImagePreviewConfig; data: this; builder: (data: Index) => void; }\' is not assignable to parameter of type \'{ readonly listScroller?: ListScroller; imagesBuilder?: Function; readonly data?: Object; readonly config?: ImagePreviewConfig; readonly swiperConfig?: ImagePreviewSwiperConfig; }\'.\n  Object literal may only specify known properties, and \'builder\' does not exist in type \'{ readonly listScroller?: ListScroller; imagesBuilder?: Function; readonly data?: Object; readonly config?: ImagePreviewConfig; readonly swiperConfig?: ImagePreviewSwiperConfig; }\'. At File: /home/deepsearch/deep-searcher/MyApplication2/entry/src/main/ets/pages/Index.ets:75:11\n\x1b[39m\n\x1b[39m\n\x1b[31mCOMPILE RESULT:FAIL {ERROR:7}\x1b[39m\x1b[39m\n> hvigor \x1b[91mERROR: BUILD FAILED in 6 s 89 ms \x1b[39m\n'}, {'file_path': 'unknown', 'error_type': 'compile', 'message': '\x1b[31m10505001 ArkTS Compiler Error', 'line': None, 'column': None, 'severity': 'error', 'raw_output': '> hvigor \x1b[32mFinished ::PreBuildApp... after 1 ms \x1b[39m\n> hvigor \x1b[32mUP-TO-DATE :entry:default@PreBuild...  \x1b[39m\n> hvigor \x1b[32mUP-TO-DATE :library:default@PreBuild...  \x1b[39m\n> hvigor \x1b[32mFinished ::DuplicateDependencyCheck... after 1 ms \x1b[39m\n> hvigor \x1b[32mFinished :entry:default@CreateModuleInfo... after 1 ms \x1b[39m\n> hvigor \x1b[32mUP-TO-DATE :entry:default@GenerateMetadata...  \x1b[39m\n> hvigor \x1b[32mFinished :entry:default@PreCheckSyscap... after 1 ms \x1b[39m\n> hvigor \x1b[32mUP-TO-DATE :entry:default@GeneratePkgContextInfo...  \x1b[39m\n> hvigor \x1b[32mFinished :entry:default@ProcessIntegratedHsp... after 3 ms \x1b[39m\n> hvigor \x1b[32mUP-TO-DATE :library:default@CreateHarBuildProfile...  \x1b[39m\n> hvigor \x1b[32mFinished :library:default@ConfigureCmake... after 1 ms \x1b[39m\n> hvigor \x1b[32mUP-TO-DATE :library:default@MergeProfile...  \x1b[39m\n> hvigor \x1b[32mFinished :entry:default@SyscapTransform... after 1 ms \x1b[39m\n> hvigor \x1b[32mUP-TO-DATE :entry:default@ProcessRouterMap...  \x1b[39m\n> hvigor \x1b[32mFinished :entry:default@ProcessStartupConfig... after 1 ms \x1b[39m\n> hvigor \x1b[32mUP-TO-DATE :entry:default@CreateBuildProfile...  \x1b[39m\n> hvigor \x1b[32mFinished :library:default@BuildNativeWithCmake... after 1 ms \x1b[39m\n> hvigor \x1b[32mUP-TO-DATE :entry:default@MergeProfile...  \x1b[39m\n> hvigor \x1b[32mUP-TO-DATE :entry:default@GenerateLoaderJson...  \x1b[39m\n> hvigor \x1b[32mFinished :entry:default@ConfigureCmake... after 1 ms \x1b[39m\n> hvigor \x1b[32mFinished :library:default@BuildNativeWithNinja... after 1 ms \x1b[39m\n> hvigor \x1b[32mUP-TO-DATE :entry:default@MakePackInfo...  \x1b[39m\n> hvigor \x1b[32mUP-TO-DATE :entry:default@ProcessProfile...  \x1b[39m\n> hvigor \x1b[32mFinished :entry:default@BuildNativeWithCmake... after 1 ms \x1b[39m\n> hvigor \x1b[32mUP-TO-DATE :library:default@ProcessLibs...  \x1b[39m\n> hvigor \x1b[32mUP-TO-DATE :entry:default@ProcessResource...  \x1b[39m\n> hvigor \x1b[32mUP-TO-DATE :library:default@DoNativeStrip...  \x1b[39m\n> hvigor \x1b[32mUP-TO-DATE :entry:default@CompileResource...  \x1b[39m\n> hvigor \x1b[32mFinished :entry:default@BuildNativeWithNinja... after 1 ms \x1b[39m\n> hvigor \x1b[32mFinished :entry:default@BuildJS... after 2 ms \x1b[39m\n> hvigor \x1b[32mUP-TO-DATE :entry:default@ProcessLibs...  \x1b[39m\n> hvigor \x1b[32mUP-TO-DATE :entry:default@DoNativeStrip...  \x1b[39m\n> hvigor \x1b[32mUP-TO-DATE :entry:default@CacheNativeLibs...  \x1b[39m\n\x1b[33m "@ohos/arkui" is imported by "entry/src/main/ets/pages/Index.ets", but could not be resolved â€“ treating it as an external dependency. \x1b[39m\n\x1b[33m "@ohos/common" is imported by "entry/src/main/ets/pages/Index.ets", but could not be resolved â€“ treating it as an external dependency. \x1b[39m\n> hvigor \x1b[91mERROR: Failed :entry:default@CompileArkTS... \x1b[39m\n> hvigor \x1b[91mERROR: ArkTS Compiler Error\n\x1b[31m1 ERROR: \x1b[31m10505001 ArkTS Compiler Error\nError Message: Cannot find module \'@ohos/arkui\' or its corresponding type declarations. At File: /home/deepsearch/deep-searcher/MyApplication2/entry/src/main/ets/pages/Index.ets:2:52\n\x1b[39m\n\x1b[39m\n\x1b[31m2 ERROR: \x1b[31m10505001 ArkTS Compiler Error\nError Message: Cannot find module \'@ohos/common\' or its corresponding type declarations. At File: /home/deepsearch/deep-searcher/MyApplication2/entry/src/main/ets/pages/Index.ets:3:23\n\x1b[39m\n\x1b[39m\n\x1b[31m3 ERROR: \x1b[31m10505001 ArkTS Compiler Error\nError Message: Expected 0 arguments, but got 1. At File: /home/deepsearch/deep-searcher/MyApplication2/entry/src/main/ets/pages/Index.ets:14:55\n\x1b[39m\n\x1b[39m\n\x1b[31m4 ERROR: \x1b[31m10505001 ArkTS Compiler Error\nError Message: Argument of type \'{ onClick: () => void; }\' is not assignable to parameter of type \'{ readonly config?: ImagePreviewConfig; readonly swiperConfig?: ImagePreviewSwiperConfig; imageBuilder?: CustomBuilder; readonly state?: ImagePreviewState; readonly viewModel?: ImagePreviewViewModel; readonly imagePreviewGesture?: ImagePreviewGesture; }\'.\n  Object literal may only specify known properties, and \'onClick\' does not exist in type \'{ readonly config?: ImagePreviewConfig; readonly swiperConfig?: ImagePreviewSwiperConfig; imageBuilder?: CustomBuilder; readonly state?: ImagePreviewState; readonly viewModel?: ImagePreviewViewModel; readonly imagePreviewGesture?: ImagePreviewGesture; }\'. At File: /home/deepsearch/deep-searcher/MyApplication2/entry/src/main/ets/pages/Index.ets:35:9\n\x1b[39m\n\x1b[39m\n\x1b[31m5 ERROR: \x1b[31m10505001 ArkTS Compiler Error\nError Message: Cannot assign to \'indicatorCount\' because it is a read-only property. At File: /home/deepsearch/deep-searcher/MyApplication2/entry/src/main/ets/pages/Index.ets:65:25\n\x1b[39m\n\x1b[39m\n\x1b[31m6 ERROR: \x1b[31m10505001 ArkTS Compiler Error\nError Message: Argument of type \'{ config: ImagePreviewConfig; data: this; builder: (data: Index) => void; }\' is not assignable to parameter of type \'{ readonly listScroller?: ListScroller; imagesBuilder?: Function; readonly data?: Object; readonly config?: ImagePreviewConfig; readonly swiperConfig?: ImagePreviewSwiperConfig; }\'.\n  Object literal may only specify known properties, and \'builder\' does not exist in type \'{ readonly listScroller?: ListScroller; imagesBuilder?: Function; readonly data?: Object; readonly config?: ImagePreviewConfig; readonly swiperConfig?: ImagePreviewSwiperConfig; }\'. At File: /home/deepsearch/deep-searcher/MyApplication2/entry/src/main/ets/pages/Index.ets:75:11\n\x1b[39m\n\x1b[39m\n\x1b[31mCOMPILE RESULT:FAIL {ERROR:7}\x1b[39m\x1b[39m\n> hvigor \x1b[91mERROR: BUILD FAILED in 6 s 89 ms \x1b[39m\n'}, {'file_path': 'unknown', 'error_type': 'compile', 'message': '', 'line': None, 'column': None, 'severity': 'error', 'raw_output': '> hvigor \x1b[32mFinished ::PreBuildApp... after 1 ms \x1b[39m\n> hvigor \x1b[32mUP-TO-DATE :entry:default@PreBuild...  \x1b[39m\n> hvigor \x1b[32mUP-TO-DATE :library:default@PreBuild...  \x1b[39m\n> hvigor \x1b[32mFinished ::DuplicateDependencyCheck... after 1 ms \x1b[39m\n> hvigor \x1b[32mFinished :entry:default@CreateModuleInfo... after 1 ms \x1b[39m\n> hvigor \x1b[32mUP-TO-DATE :entry:default@GenerateMetadata...  \x1b[39m\n> hvigor \x1b[32mFinished :entry:default@PreCheckSyscap... after 1 ms \x1b[39m\n> hvigor \x1b[32mUP-TO-DATE :entry:default@GeneratePkgContextInfo...  \x1b[39m\n> hvigor \x1b[32mFinished :entry:default@ProcessIntegratedHsp... after 3 ms \x1b[39m\n> hvigor \x1b[32mUP-TO-DATE :library:default@CreateHarBuildProfile...  \x1b[39m\n> hvigor \x1b[32mFinished :library:default@ConfigureCmake... after 1 ms \x1b[39m\n> hvigor \x1b[32mUP-TO-DATE :library:default@MergeProfile...  \x1b[39m\n> hvigor \x1b[32mFinished :entry:default@SyscapTransform... after 1 ms \x1b[39m\n> hvigor \x1b[32mUP-TO-DATE :entry:default@ProcessRouterMap...  \x1b[39m\n> hvigor \x1b[32mFinished :entry:default@ProcessStartupConfig... after 1 ms \x1b[39m\n> hvigor \x1b[32mUP-TO-DATE :entry:default@CreateBuildProfile...  \x1b[39m\n> hvigor \x1b[32mFinished :library:default@BuildNativeWithCmake... after 1 ms \x1b[39m\n> hvigor \x1b[32mUP-TO-DATE :entry:default@MergeProfile...  \x1b[39m\n> hvigor \x1b[32mUP-TO-DATE :entry:default@GenerateLoaderJson...  \x1b[39m\n> hvigor \x1b[32mFinished :entry:default@ConfigureCmake... after 1 ms \x1b[39m\n> hvigor \x1b[32mFinished :library:default@BuildNativeWithNinja... after 1 ms \x1b[39m\n> hvigor \x1b[32mUP-TO-DATE :entry:default@MakePackInfo...  \x1b[39m\n> hvigor \x1b[32mUP-TO-DATE :entry:default@ProcessProfile...  \x1b[39m\n> hvigor \x1b[32mFinished :entry:default@BuildNativeWithCmake... after 1 ms \x1b[39m\n> hvigor \x1b[32mUP-TO-DATE :library:default@ProcessLibs...  \x1b[39m\n> hvigor \x1b[32mUP-TO-DATE :entry:default@ProcessResource...  \x1b[39m\n> hvigor \x1b[32mUP-TO-DATE :library:default@DoNativeStrip...  \x1b[39m\n> hvigor \x1b[32mUP-TO-DATE :entry:default@CompileResource...  \x1b[39m\n> hvigor \x1b[32mFinished :entry:default@BuildNativeWithNinja... after 1 ms \x1b[39m\n> hvigor \x1b[32mFinished :entry:default@BuildJS... after 2 ms \x1b[39m\n> hvigor \x1b[32mUP-TO-DATE :entry:default@ProcessLibs...  \x1b[39m\n> hvigor \x1b[32mUP-TO-DATE :entry:default@DoNativeStrip...  \x1b[39m\n> hvigor \x1b[32mUP-TO-DATE :entry:default@CacheNativeLibs...  \x1b[39m\n\x1b[33m "@ohos/arkui" is imported by "entry/src/main/ets/pages/Index.ets", but could not be resolved â€“ treating it as an external dependency. \x1b[39m\n\x1b[33m "@ohos/common" is imported by "entry/src/main/ets/pages/Index.ets", but could not be resolved â€“ treating it as an external dependency. \x1b[39m\n> hvigor \x1b[91mERROR: Failed :entry:default@CompileArkTS... \x1b[39m\n> hvigor \x1b[91mERROR: ArkTS Compiler Error\n\x1b[31m1 ERROR: \x1b[31m10505001 ArkTS Compiler Error\nError Message: Cannot find module \'@ohos/arkui\' or its corresponding type declarations. At File: /home/deepsearch/deep-searcher/MyApplication2/entry/src/main/ets/pages/Index.ets:2:52\n\x1b[39m\n\x1b[39m\n\x1b[31m2 ERROR: \x1b[31m10505001 ArkTS Compiler Error\nError Message: Cannot find module \'@ohos/common\' or its corresponding type declarations. At File: /home/deepsearch/deep-searcher/MyApplication2/entry/src/main/ets/pages/Index.ets:3:23\n\x1b[39m\n\x1b[39m\n\x1b[31m3 ERROR: \x1b[31m10505001 ArkTS Compiler Error\nError Message: Expected 0 arguments, but got 1. At File: /home/deepsearch/deep-searcher/MyApplication2/entry/src/main/ets/pages/Index.ets:14:55\n\x1b[39m\n\x1b[39m\n\x1b[31m4 ERROR: \x1b[31m10505001 ArkTS Compiler Error\nError Message: Argument of type \'{ onClick: () => void; }\' is not assignable to parameter of type \'{ readonly config?: ImagePreviewConfig; readonly swiperConfig?: ImagePreviewSwiperConfig; imageBuilder?: CustomBuilder; readonly state?: ImagePreviewState; readonly viewModel?: ImagePreviewViewModel; readonly imagePreviewGesture?: ImagePreviewGesture; }\'.\n  Object literal may only specify known properties, and \'onClick\' does not exist in type \'{ readonly config?: ImagePreviewConfig; readonly swiperConfig?: ImagePreviewSwiperConfig; imageBuilder?: CustomBuilder; readonly state?: ImagePreviewState; readonly viewModel?: ImagePreviewViewModel; readonly imagePreviewGesture?: ImagePreviewGesture; }\'. At File: /home/deepsearch/deep-searcher/MyApplication2/entry/src/main/ets/pages/Index.ets:35:9\n\x1b[39m\n\x1b[39m\n\x1b[31m5 ERROR: \x1b[31m10505001 ArkTS Compiler Error\nError Message: Cannot assign to \'indicatorCount\' because it is a read-only property. At File: /home/deepsearch/deep-searcher/MyApplication2/entry/src/main/ets/pages/Index.ets:65:25\n\x1b[39m\n\x1b[39m\n\x1b[31m6 ERROR: \x1b[31m10505001 ArkTS Compiler Error\nError Message: Argument of type \'{ config: ImagePreviewConfig; data: this; builder: (data: Index) => void; }\' is not assignable to parameter of type \'{ readonly listScroller?: ListScroller; imagesBuilder?: Function; readonly data?: Object; readonly config?: ImagePreviewConfig; readonly swiperConfig?: ImagePreviewSwiperConfig; }\'.\n  Object literal may only specify known properties, and \'builder\' does not exist in type \'{ readonly listScroller?: ListScroller; imagesBuilder?: Function; readonly data?: Object; readonly config?: ImagePreviewConfig; readonly swiperConfig?: ImagePreviewSwiperConfig; }\'. At File: /home/deepsearch/deep-searcher/MyApplication2/entry/src/main/ets/pages/Index.ets:75:11\n\x1b[39m\n\x1b[39m\n\x1b[31mCOMPILE RESULT:FAIL {ERROR:7}\x1b[39m\x1b[39m\n> hvigor \x1b[91mERROR: BUILD FAILED in 6 s 89 ms \x1b[39m\n'}, {'file_path': 'unknown', 'error_type': 'compile', 'message': '\x1b[31m10505001 ArkTS Compiler Error', 'line': None, 'column': None, 'severity': 'error', 'raw_output': '> hvigor \x1b[32mFinished ::PreBuildApp... after 1 ms \x1b[39m\n> hvigor \x1b[32mUP-TO-DATE :entry:default@PreBuild...  \x1b[39m\n> hvigor \x1b[32mUP-TO-DATE :library:default@PreBuild...  \x1b[39m\n> hvigor \x1b[32mFinished ::DuplicateDependencyCheck... after 1 ms \x1b[39m\n> hvigor \x1b[32mFinished :entry:default@CreateModuleInfo... after 1 ms \x1b[39m\n> hvigor \x1b[32mUP-TO-DATE :entry:default@GenerateMetadata...  \x1b[39m\n> hvigor \x1b[32mFinished :entry:default@PreCheckSyscap... after 1 ms \x1b[39m\n> hvigor \x1b[32mUP-TO-DATE :entry:default@GeneratePkgContextInfo...  \x1b[39m\n> hvigor \x1b[32mFinished :entry:default@ProcessIntegratedHsp... after 3 ms \x1b[39m\n> hvigor \x1b[32mUP-TO-DATE :library:default@CreateHarBuildProfile...  \x1b[39m\n> hvigor \x1b[32mFinished :library:default@ConfigureCmake... after 1 ms \x1b[39m\n> hvigor \x1b[32mUP-TO-DATE :library:default@MergeProfile...  \x1b[39m\n> hvigor \x1b[32mFinished :entry:default@SyscapTransform... after 1 ms \x1b[39m\n> hvigor \x1b[32mUP-TO-DATE :entry:default@ProcessRouterMap...  \x1b[39m\n> hvigor \x1b[32mFinished :entry:default@ProcessStartupConfig... after 1 ms \x1b[39m\n> hvigor \x1b[32mUP-TO-DATE :entry:default@CreateBuildProfile...  \x1b[39m\n> hvigor \x1b[32mFinished :library:default@BuildNativeWithCmake... after 1 ms \x1b[39m\n> hvigor \x1b[32mUP-TO-DATE :entry:default@MergeProfile...  \x1b[39m\n> hvigor \x1b[32mUP-TO-DATE :entry:default@GenerateLoaderJson...  \x1b[39m\n> hvigor \x1b[32mFinished :entry:default@ConfigureCmake... after 1 ms \x1b[39m\n> hvigor \x1b[32mFinished :library:default@BuildNativeWithNinja... after 1 ms \x1b[39m\n> hvigor \x1b[32mUP-TO-DATE :entry:default@MakePackInfo...  \x1b[39m\n> hvigor \x1b[32mUP-TO-DATE :entry:default@ProcessProfile...  \x1b[39m\n> hvigor \x1b[32mFinished :entry:default@BuildNativeWithCmake... after 1 ms \x1b[39m\n> hvigor \x1b[32mUP-TO-DATE :library:default@ProcessLibs...  \x1b[39m\n> hvigor \x1b[32mUP-TO-DATE :entry:default@ProcessResource...  \x1b[39m\n> hvigor \x1b[32mUP-TO-DATE :library:default@DoNativeStrip...  \x1b[39m\n> hvigor \x1b[32mUP-TO-DATE :entry:default@CompileResource...  \x1b[39m\n> hvigor \x1b[32mFinished :entry:default@BuildNativeWithNinja... after 1 ms \x1b[39m\n> hvigor \x1b[32mFinished :entry:default@BuildJS... after 2 ms \x1b[39m\n> hvigor \x1b[32mUP-TO-DATE :entry:default@ProcessLibs...  \x1b[39m\n> hvigor \x1b[32mUP-TO-DATE :entry:default@DoNativeStrip...  \x1b[39m\n> hvigor \x1b[32mUP-TO-DATE :entry:default@CacheNativeLibs...  \x1b[39m\n\x1b[33m "@ohos/arkui" is imported by "entry/src/main/ets/pages/Index.ets", but could not be resolved â€“ treating it as an external dependency. \x1b[39m\n\x1b[33m "@ohos/common" is imported by "entry/src/main/ets/pages/Index.ets", but could not be resolved â€“ treating it as an external dependency. \x1b[39m\n> hvigor \x1b[91mERROR: Failed :entry:default@CompileArkTS... \x1b[39m\n> hvigor \x1b[91mERROR: ArkTS Compiler Error\n\x1b[31m1 ERROR: \x1b[31m10505001 ArkTS Compiler Error\nError Message: Cannot find module \'@ohos/arkui\' or its corresponding type declarations. At File: /home/deepsearch/deep-searcher/MyApplication2/entry/src/main/ets/pages/Index.ets:2:52\n\x1b[39m\n\x1b[39m\n\x1b[31m2 ERROR: \x1b[31m10505001 ArkTS Compiler Error\nError Message: Cannot find module \'@ohos/common\' or its corresponding type declarations. At File: /home/deepsearch/deep-searcher/MyApplication2/entry/src/main/ets/pages/Index.ets:3:23\n\x1b[39m\n\x1b[39m\n\x1b[31m3 ERROR: \x1b[31m10505001 ArkTS Compiler Error\nError Message: Expected 0 arguments, but got 1. At File: /home/deepsearch/deep-searcher/MyApplication2/entry/src/main/ets/pages/Index.ets:14:55\n\x1b[39m\n\x1b[39m\n\x1b[31m4 ERROR: \x1b[31m10505001 ArkTS Compiler Error\nError Message: Argument of type \'{ onClick: () => void; }\' is not assignable to parameter of type \'{ readonly config?: ImagePreviewConfig; readonly swiperConfig?: ImagePreviewSwiperConfig; imageBuilder?: CustomBuilder; readonly state?: ImagePreviewState; readonly viewModel?: ImagePreviewViewModel; readonly imagePreviewGesture?: ImagePreviewGesture; }\'.\n  Object literal may only specify known properties, and \'onClick\' does not exist in type \'{ readonly config?: ImagePreviewConfig; readonly swiperConfig?: ImagePreviewSwiperConfig; imageBuilder?: CustomBuilder; readonly state?: ImagePreviewState; readonly viewModel?: ImagePreviewViewModel; readonly imagePreviewGesture?: ImagePreviewGesture; }\'. At File: /home/deepsearch/deep-searcher/MyApplication2/entry/src/main/ets/pages/Index.ets:35:9\n\x1b[39m\n\x1b[39m\n\x1b[31m5 ERROR: \x1b[31m10505001 ArkTS Compiler Error\nError Message: Cannot assign to \'indicatorCount\' because it is a read-only property. At File: /home/deepsearch/deep-searcher/MyApplication2/entry/src/main/ets/pages/Index.ets:65:25\n\x1b[39m\n\x1b[39m\n\x1b[31m6 ERROR: \x1b[31m10505001 ArkTS Compiler Error\nError Message: Argument of type \'{ config: ImagePreviewConfig; data: this; builder: (data: Index) => void; }\' is not assignable to parameter of type \'{ readonly listScroller?: ListScroller; imagesBuilder?: Function; readonly data?: Object; readonly config?: ImagePreviewConfig; readonly swiperConfig?: ImagePreviewSwiperConfig; }\'.\n  Object literal may only specify known properties, and \'builder\' does not exist in type \'{ readonly listScroller?: ListScroller; imagesBuilder?: Function; readonly data?: Object; readonly config?: ImagePreviewConfig; readonly swiperConfig?: ImagePreviewSwiperConfig; }\'. At File: /home/deepsearch/deep-searcher/MyApplication2/entry/src/main/ets/pages/Index.ets:75:11\n\x1b[39m\n\x1b[39m\n\x1b[31mCOMPILE RESULT:FAIL {ERROR:7}\x1b[39m\x1b[39m\n> hvigor \x1b[91mERROR: BUILD FAILED in 6 s 89 ms \x1b[39m\n'}, {'file_path': 'unknown', 'error_type': 'compile', 'message': '', 'line': None, 'column': None, 'severity': 'error', 'raw_output': '> hvigor \x1b[32mFinished ::PreBuildApp... after 1 ms \x1b[39m\n> hvigor \x1b[32mUP-TO-DATE :entry:default@PreBuild...  \x1b[39m\n> hvigor \x1b[32mUP-TO-DATE :library:default@PreBuild...  \x1b[39m\n> hvigor \x1b[32mFinished ::DuplicateDependencyCheck... after 1 ms \x1b[39m\n> hvigor \x1b[32mFinished :entry:default@CreateModuleInfo... after 1 ms \x1b[39m\n> hvigor \x1b[32mUP-TO-DATE :entry:default@GenerateMetadata...  \x1b[39m\n> hvigor \x1b[32mFinished :entry:default@PreCheckSyscap... after 1 ms \x1b[39m\n> hvigor \x1b[32mUP-TO-DATE :entry:default@GeneratePkgContextInfo...  \x1b[39m\n> hvigor \x1b[32mFinished :entry:default@ProcessIntegratedHsp... after 3 ms \x1b[39m\n> hvigor \x1b[32mUP-TO-DATE :library:default@CreateHarBuildProfile...  \x1b[39m\n> hvigor \x1b[32mFinished :library:default@ConfigureCmake... after 1 ms \x1b[39m\n> hvigor \x1b[32mUP-TO-DATE :library:default@MergeProfile...  \x1b[39m\n> hvigor \x1b[32mFinished :entry:default@SyscapTransform... after 1 ms \x1b[39m\n> hvigor \x1b[32mUP-TO-DATE :entry:default@ProcessRouterMap...  \x1b[39m\n> hvigor \x1b[32mFinished :entry:default@ProcessStartupConfig... after 1 ms \x1b[39m\n> hvigor \x1b[32mUP-TO-DATE :entry:default@CreateBuildProfile...  \x1b[39m\n> hvigor \x1b[32mFinished :library:default@BuildNativeWithCmake... after 1 ms \x1b[39m\n> hvigor \x1b[32mUP-TO-DATE :entry:default@MergeProfile...  \x1b[39m\n> hvigor \x1b[32mUP-TO-DATE :entry:default@GenerateLoaderJson...  \x1b[39m\n> hvigor \x1b[32mFinished :entry:default@ConfigureCmake... after 1 ms \x1b[39m\n> hvigor \x1b[32mFinished :library:default@BuildNativeWithNinja... after 1 ms \x1b[39m\n> hvigor \x1b[32mUP-TO-DATE :entry:default@MakePackInfo...  \x1b[39m\n> hvigor \x1b[32mUP-TO-DATE :entry:default@ProcessProfile...  \x1b[39m\n> hvigor \x1b[32mFinished :entry:default@BuildNativeWithCmake... after 1 ms \x1b[39m\n> hvigor \x1b[32mUP-TO-DATE :library:default@ProcessLibs...  \x1b[39m\n> hvigor \x1b[32mUP-TO-DATE :entry:default@ProcessResource...  \x1b[39m\n> hvigor \x1b[32mUP-TO-DATE :library:default@DoNativeStrip...  \x1b[39m\n> hvigor \x1b[32mUP-TO-DATE :entry:default@CompileResource...  \x1b[39m\n> hvigor \x1b[32mFinished :entry:default@BuildNativeWithNinja... after 1 ms \x1b[39m\n> hvigor \x1b[32mFinished :entry:default@BuildJS... after 2 ms \x1b[39m\n> hvigor \x1b[32mUP-TO-DATE :entry:default@ProcessLibs...  \x1b[39m\n> hvigor \x1b[32mUP-TO-DATE :entry:default@DoNativeStrip...  \x1b[39m\n> hvigor \x1b[32mUP-TO-DATE :entry:default@CacheNativeLibs...  \x1b[39m\n\x1b[33m "@ohos/arkui" is imported by "entry/src/main/ets/pages/Index.ets", but could not be resolved â€“ treating it as an external dependency. \x1b[39m\n\x1b[33m "@ohos/common" is imported by "entry/src/main/ets/pages/Index.ets", but could not be resolved â€“ treating it as an external dependency. \x1b[39m\n> hvigor \x1b[91mERROR: Failed :entry:default@CompileArkTS... \x1b[39m\n> hvigor \x1b[91mERROR: ArkTS Compiler Error\n\x1b[31m1 ERROR: \x1b[31m10505001 ArkTS Compiler Error\nError Message: Cannot find module \'@ohos/arkui\' or its corresponding type declarations. At File: /home/deepsearch/deep-searcher/MyApplication2/entry/src/main/ets/pages/Index.ets:2:52\n\x1b[39m\n\x1b[39m\n\x1b[31m2 ERROR: \x1b[31m10505001 ArkTS Compiler Error\nError Message: Cannot find module \'@ohos/common\' or its corresponding type declarations. At File: /home/deepsearch/deep-searcher/MyApplication2/entry/src/main/ets/pages/Index.ets:3:23\n\x1b[39m\n\x1b[39m\n\x1b[31m3 ERROR: \x1b[31m10505001 ArkTS Compiler Error\nError Message: Expected 0 arguments, but got 1. At File: /home/deepsearch/deep-searcher/MyApplication2/entry/src/main/ets/pages/Index.ets:14:55\n\x1b[39m\n\x1b[39m\n\x1b[31m4 ERROR: \x1b[31m10505001 ArkTS Compiler Error\nError Message: Argument of type \'{ onClick: () => void; }\' is not assignable to parameter of type \'{ readonly config?: ImagePreviewConfig; readonly swiperConfig?: ImagePreviewSwiperConfig; imageBuilder?: CustomBuilder; readonly state?: ImagePreviewState; readonly viewModel?: ImagePreviewViewModel; readonly imagePreviewGesture?: ImagePreviewGesture; }\'.\n  Object literal may only specify known properties, and \'onClick\' does not exist in type \'{ readonly config?: ImagePreviewConfig; readonly swiperConfig?: ImagePreviewSwiperConfig; imageBuilder?: CustomBuilder; readonly state?: ImagePreviewState; readonly viewModel?: ImagePreviewViewModel; readonly imagePreviewGesture?: ImagePreviewGesture; }\'. At File: /home/deepsearch/deep-searcher/MyApplication2/entry/src/main/ets/pages/Index.ets:35:9\n\x1b[39m\n\x1b[39m\n\x1b[31m5 ERROR: \x1b[31m10505001 ArkTS Compiler Error\nError Message: Cannot assign to \'indicatorCount\' because it is a read-only property. At File: /home/deepsearch/deep-searcher/MyApplication2/entry/src/main/ets/pages/Index.ets:65:25\n\x1b[39m\n\x1b[39m\n\x1b[31m6 ERROR: \x1b[31m10505001 ArkTS Compiler Error\nError Message: Argument of type \'{ config: ImagePreviewConfig; data: this; builder: (data: Index) => void; }\' is not assignable to parameter of type \'{ readonly listScroller?: ListScroller; imagesBuilder?: Function; readonly data?: Object; readonly config?: ImagePreviewConfig; readonly swiperConfig?: ImagePreviewSwiperConfig; }\'.\n  Object literal may only specify known properties, and \'builder\' does not exist in type \'{ readonly listScroller?: ListScroller; imagesBuilder?: Function; readonly data?: Object; readonly config?: ImagePreviewConfig; readonly swiperConfig?: ImagePreviewSwiperConfig; }\'. At File: /home/deepsearch/deep-searcher/MyApplication2/entry/src/main/ets/pages/Index.ets:75:11\n\x1b[39m\n\x1b[39m\n\x1b[31mCOMPILE RESULT:FAIL {ERROR:7}\x1b[39m\x1b[39m\n> hvigor \x1b[91mERROR: BUILD FAILED in 6 s 89 ms \x1b[39m\n'}, {'file_path': 'unknown', 'error_type': 'compile', 'message': '\x1b[31m10505001 ArkTS Compiler Error', 'line': None, 'column': None, 'severity': 'error', 'raw_output': '> hvigor \x1b[32mFinished ::PreBuildApp... after 1 ms \x1b[39m\n> hvigor \x1b[32mUP-TO-DATE :entry:default@PreBuild...  \x1b[39m\n> hvigor \x1b[32mUP-TO-DATE :library:default@PreBuild...  \x1b[39m\n> hvigor \x1b[32mFinished ::DuplicateDependencyCheck... after 1 ms \x1b[39m\n> hvigor \x1b[32mFinished :entry:default@CreateModuleInfo... after 1 ms \x1b[39m\n> hvigor \x1b[32mUP-TO-DATE :entry:default@GenerateMetadata...  \x1b[39m\n> hvigor \x1b[32mFinished :entry:default@PreCheckSyscap... after 1 ms \x1b[39m\n> hvigor \x1b[32mUP-TO-DATE :entry:default@GeneratePkgContextInfo...  \x1b[39m\n> hvigor \x1b[32mFinished :entry:default@ProcessIntegratedHsp... after 3 ms \x1b[39m\n> hvigor \x1b[32mUP-TO-DATE :library:default@CreateHarBuildProfile...  \x1b[39m\n> hvigor \x1b[32mFinished :library:default@ConfigureCmake... after 1 ms \x1b[39m\n> hvigor \x1b[32mUP-TO-DATE :library:default@MergeProfile...  \x1b[39m\n> hvigor \x1b[32mFinished :entry:default@SyscapTransform... after 1 ms \x1b[39m\n> hvigor \x1b[32mUP-TO-DATE :entry:default@ProcessRouterMap...  \x1b[39m\n> hvigor \x1b[32mFinished :entry:default@ProcessStartupConfig... after 1 ms \x1b[39m\n> hvigor \x1b[32mUP-TO-DATE :entry:default@CreateBuildProfile...  \x1b[39m\n> hvigor \x1b[32mFinished :library:default@BuildNativeWithCmake... after 1 ms \x1b[39m\n> hvigor \x1b[32mUP-TO-DATE :entry:default@MergeProfile...  \x1b[39m\n> hvigor \x1b[32mUP-TO-DATE :entry:default@GenerateLoaderJson...  \x1b[39m\n> hvigor \x1b[32mFinished :entry:default@ConfigureCmake... after 1 ms \x1b[39m\n> hvigor \x1b[32mFinished :library:default@BuildNativeWithNinja... after 1 ms \x1b[39m\n> hvigor \x1b[32mUP-TO-DATE :entry:default@MakePackInfo...  \x1b[39m\n> hvigor \x1b[32mUP-TO-DATE :entry:default@ProcessProfile...  \x1b[39m\n> hvigor \x1b[32mFinished :entry:default@BuildNativeWithCmake... after 1 ms \x1b[39m\n> hvigor \x1b[32mUP-TO-DATE :library:default@ProcessLibs...  \x1b[39m\n> hvigor \x1b[32mUP-TO-DATE :entry:default@ProcessResource...  \x1b[39m\n> hvigor \x1b[32mUP-TO-DATE :library:default@DoNativeStrip...  \x1b[39m\n> hvigor \x1b[32mUP-TO-DATE :entry:default@CompileResource...  \x1b[39m\n> hvigor \x1b[32mFinished :entry:default@BuildNativeWithNinja... after 1 ms \x1b[39m\n> hvigor \x1b[32mFinished :entry:default@BuildJS... after 2 ms \x1b[39m\n> hvigor \x1b[32mUP-TO-DATE :entry:default@ProcessLibs...  \x1b[39m\n> hvigor \x1b[32mUP-TO-DATE :entry:default@DoNativeStrip...  \x1b[39m\n> hvigor \x1b[32mUP-TO-DATE :entry:default@CacheNativeLibs...  \x1b[39m\n\x1b[33m "@ohos/arkui" is imported by "entry/src/main/ets/pages/Index.ets", but could not be resolved â€“ treating it as an external dependency. \x1b[39m\n\x1b[33m "@ohos/common" is imported by "entry/src/main/ets/pages/Index.ets", but could not be resolved â€“ treating it as an external dependency. \x1b[39m\n> hvigor \x1b[91mERROR: Failed :entry:default@CompileArkTS... \x1b[39m\n> hvigor \x1b[91mERROR: ArkTS Compiler Error\n\x1b[31m1 ERROR: \x1b[31m10505001 ArkTS Compiler Error\nError Message: Cannot find module \'@ohos/arkui\' or its corresponding type declarations. At File: /home/deepsearch/deep-searcher/MyApplication2/entry/src/main/ets/pages/Index.ets:2:52\n\x1b[39m\n\x1b[39m\n\x1b[31m2 ERROR: \x1b[31m10505001 ArkTS Compiler Error\nError Message: Cannot find module \'@ohos/common\' or its corresponding type declarations. At File: /home/deepsearch/deep-searcher/MyApplication2/entry/src/main/ets/pages/Index.ets:3:23\n\x1b[39m\n\x1b[39m\n\x1b[31m3 ERROR: \x1b[31m10505001 ArkTS Compiler Error\nError Message: Expected 0 arguments, but got 1. At File: /home/deepsearch/deep-searcher/MyApplication2/entry/src/main/ets/pages/Index.ets:14:55\n\x1b[39m\n\x1b[39m\n\x1b[31m4 ERROR: \x1b[31m10505001 ArkTS Compiler Error\nError Message: Argument of type \'{ onClick: () => void; }\' is not assignable to parameter of type \'{ readonly config?: ImagePreviewConfig; readonly swiperConfig?: ImagePreviewSwiperConfig; imageBuilder?: CustomBuilder; readonly state?: ImagePreviewState; readonly viewModel?: ImagePreviewViewModel; readonly imagePreviewGesture?: ImagePreviewGesture; }\'.\n  Object literal may only specify known properties, and \'onClick\' does not exist in type \'{ readonly config?: ImagePreviewConfig; readonly swiperConfig?: ImagePreviewSwiperConfig; imageBuilder?: CustomBuilder; readonly state?: ImagePreviewState; readonly viewModel?: ImagePreviewViewModel; readonly imagePreviewGesture?: ImagePreviewGesture; }\'. At File: /home/deepsearch/deep-searcher/MyApplication2/entry/src/main/ets/pages/Index.ets:35:9\n\x1b[39m\n\x1b[39m\n\x1b[31m5 ERROR: \x1b[31m10505001 ArkTS Compiler Error\nError Message: Cannot assign to \'indicatorCount\' because it is a read-only property. At File: /home/deepsearch/deep-searcher/MyApplication2/entry/src/main/ets/pages/Index.ets:65:25\n\x1b[39m\n\x1b[39m\n\x1b[31m6 ERROR: \x1b[31m10505001 ArkTS Compiler Error\nError Message: Argument of type \'{ config: ImagePreviewConfig; data: this; builder: (data: Index) => void; }\' is not assignable to parameter of type \'{ readonly listScroller?: ListScroller; imagesBuilder?: Function; readonly data?: Object; readonly config?: ImagePreviewConfig; readonly swiperConfig?: ImagePreviewSwiperConfig; }\'.\n  Object literal may only specify known properties, and \'builder\' does not exist in type \'{ readonly listScroller?: ListScroller; imagesBuilder?: Function; readonly data?: Object; readonly config?: ImagePreviewConfig; readonly swiperConfig?: ImagePreviewSwiperConfig; }\'. At File: /home/deepsearch/deep-searcher/MyApplication2/entry/src/main/ets/pages/Index.ets:75:11\n\x1b[39m\n\x1b[39m\n\x1b[31mCOMPILE RESULT:FAIL {ERROR:7}\x1b[39m\x1b[39m\n> hvigor \x1b[91mERROR: BUILD FAILED in 6 s 89 ms \x1b[39m\n'}, {'file_path': 'unknown', 'error_type': 'compile', 'message': '', 'line': None, 'column': None, 'severity': 'error', 'raw_output': '> hvigor \x1b[32mFinished ::PreBuildApp... after 1 ms \x1b[39m\n> hvigor \x1b[32mUP-TO-DATE :entry:default@PreBuild...  \x1b[39m\n> hvigor \x1b[32mUP-TO-DATE :library:default@PreBuild...  \x1b[39m\n> hvigor \x1b[32mFinished ::DuplicateDependencyCheck... after 1 ms \x1b[39m\n> hvigor \x1b[32mFinished :entry:default@CreateModuleInfo... after 1 ms \x1b[39m\n> hvigor \x1b[32mUP-TO-DATE :entry:default@GenerateMetadata...  \x1b[39m\n> hvigor \x1b[32mFinished :entry:default@PreCheckSyscap... after 1 ms \x1b[39m\n> hvigor \x1b[32mUP-TO-DATE :entry:default@GeneratePkgContextInfo...  \x1b[39m\n> hvigor \x1b[32mFinished :entry:default@ProcessIntegratedHsp... after 3 ms \x1b[39m\n> hvigor \x1b[32mUP-TO-DATE :library:default@CreateHarBuildProfile...  \x1b[39m\n> hvigor \x1b[32mFinished :library:default@ConfigureCmake... after 1 ms \x1b[39m\n> hvigor \x1b[32mUP-TO-DATE :library:default@MergeProfile...  \x1b[39m\n> hvigor \x1b[32mFinished :entry:default@SyscapTransform... after 1 ms \x1b[39m\n> hvigor \x1b[32mUP-TO-DATE :entry:default@ProcessRouterMap...  \x1b[39m\n> hvigor \x1b[32mFinished :entry:default@ProcessStartupConfig... after 1 ms \x1b[39m\n> hvigor \x1b[32mUP-TO-DATE :entry:default@CreateBuildProfile...  \x1b[39m\n> hvigor \x1b[32mFinished :library:default@BuildNativeWithCmake... after 1 ms \x1b[39m\n> hvigor \x1b[32mUP-TO-DATE :entry:default@MergeProfile...  \x1b[39m\n> hvigor \x1b[32mUP-TO-DATE :entry:default@GenerateLoaderJson...  \x1b[39m\n> hvigor \x1b[32mFinished :entry:default@ConfigureCmake... after 1 ms \x1b[39m\n> hvigor \x1b[32mFinished :library:default@BuildNativeWithNinja... after 1 ms \x1b[39m\n> hvigor \x1b[32mUP-TO-DATE :entry:default@MakePackInfo...  \x1b[39m\n> hvigor \x1b[32mUP-TO-DATE :entry:default@ProcessProfile...  \x1b[39m\n> hvigor \x1b[32mFinished :entry:default@BuildNativeWithCmake... after 1 ms \x1b[39m\n> hvigor \x1b[32mUP-TO-DATE :library:default@ProcessLibs...  \x1b[39m\n> hvigor \x1b[32mUP-TO-DATE :entry:default@ProcessResource...  \x1b[39m\n> hvigor \x1b[32mUP-TO-DATE :library:default@DoNativeStrip...  \x1b[39m\n> hvigor \x1b[32mUP-TO-DATE :entry:default@CompileResource...  \x1b[39m\n> hvigor \x1b[32mFinished :entry:default@BuildNativeWithNinja... after 1 ms \x1b[39m\n> hvigor \x1b[32mFinished :entry:default@BuildJS... after 2 ms \x1b[39m\n> hvigor \x1b[32mUP-TO-DATE :entry:default@ProcessLibs...  \x1b[39m\n> hvigor \x1b[32mUP-TO-DATE :entry:default@DoNativeStrip...  \x1b[39m\n> hvigor \x1b[32mUP-TO-DATE :entry:default@CacheNativeLibs...  \x1b[39m\n\x1b[33m "@ohos/arkui" is imported by "entry/src/main/ets/pages/Index.ets", but could not be resolved â€“ treating it as an external dependency. \x1b[39m\n\x1b[33m "@ohos/common" is imported by "entry/src/main/ets/pages/Index.ets", but could not be resolved â€“ treating it as an external dependency. \x1b[39m\n> hvigor \x1b[91mERROR: Failed :entry:default@CompileArkTS... \x1b[39m\n> hvigor \x1b[91mERROR: ArkTS Compiler Error\n\x1b[31m1 ERROR: \x1b[31m10505001 ArkTS Compiler Error\nError Message: Cannot find module \'@ohos/arkui\' or its corresponding type declarations. At File: /home/deepsearch/deep-searcher/MyApplication2/entry/src/main/ets/pages/Index.ets:2:52\n\x1b[39m\n\x1b[39m\n\x1b[31m2 ERROR: \x1b[31m10505001 ArkTS Compiler Error\nError Message: Cannot find module \'@ohos/common\' or its corresponding type declarations. At File: /home/deepsearch/deep-searcher/MyApplication2/entry/src/main/ets/pages/Index.ets:3:23\n\x1b[39m\n\x1b[39m\n\x1b[31m3 ERROR: \x1b[31m10505001 ArkTS Compiler Error\nError Message: Expected 0 arguments, but got 1. At File: /home/deepsearch/deep-searcher/MyApplication2/entry/src/main/ets/pages/Index.ets:14:55\n\x1b[39m\n\x1b[39m\n\x1b[31m4 ERROR: \x1b[31m10505001 ArkTS Compiler Error\nError Message: Argument of type \'{ onClick: () => void; }\' is not assignable to parameter of type \'{ readonly config?: ImagePreviewConfig; readonly swiperConfig?: ImagePreviewSwiperConfig; imageBuilder?: CustomBuilder; readonly state?: ImagePreviewState; readonly viewModel?: ImagePreviewViewModel; readonly imagePreviewGesture?: ImagePreviewGesture; }\'.\n  Object literal may only specify known properties, and \'onClick\' does not exist in type \'{ readonly config?: ImagePreviewConfig; readonly swiperConfig?: ImagePreviewSwiperConfig; imageBuilder?: CustomBuilder; readonly state?: ImagePreviewState; readonly viewModel?: ImagePreviewViewModel; readonly imagePreviewGesture?: ImagePreviewGesture; }\'. At File: /home/deepsearch/deep-searcher/MyApplication2/entry/src/main/ets/pages/Index.ets:35:9\n\x1b[39m\n\x1b[39m\n\x1b[31m5 ERROR: \x1b[31m10505001 ArkTS Compiler Error\nError Message: Cannot assign to \'indicatorCount\' because it is a read-only property. At File: /home/deepsearch/deep-searcher/MyApplication2/entry/src/main/ets/pages/Index.ets:65:25\n\x1b[39m\n\x1b[39m\n\x1b[31m6 ERROR: \x1b[31m10505001 ArkTS Compiler Error\nError Message: Argument of type \'{ config: ImagePreviewConfig; data: this; builder: (data: Index) => void; }\' is not assignable to parameter of type \'{ readonly listScroller?: ListScroller; imagesBuilder?: Function; readonly data?: Object; readonly config?: ImagePreviewConfig; readonly swiperConfig?: ImagePreviewSwiperConfig; }\'.\n  Object literal may only specify known properties, and \'builder\' does not exist in type \'{ readonly listScroller?: ListScroller; imagesBuilder?: Function; readonly data?: Object; readonly config?: ImagePreviewConfig; readonly swiperConfig?: ImagePreviewSwiperConfig; }\'. At File: /home/deepsearch/deep-searcher/MyApplication2/entry/src/main/ets/pages/Index.ets:75:11\n\x1b[39m\n\x1b[39m\n\x1b[31mCOMPILE RESULT:FAIL {ERROR:7}\x1b[39m\x1b[39m\n> hvigor \x1b[91mERROR: BUILD FAILED in 6 s 89 ms \x1b[39m\n'}, {'file_path': 'unknown', 'error_type': 'compile', 'message': '\x1b[31m10505001 ArkTS Compiler Error', 'line': None, 'column': None, 'severity': 'error', 'raw_output': '> hvigor \x1b[32mFinished ::PreBuildApp... after 1 ms \x1b[39m\n> hvigor \x1b[32mUP-TO-DATE :entry:default@PreBuild...  \x1b[39m\n> hvigor \x1b[32mUP-TO-DATE :library:default@PreBuild...  \x1b[39m\n> hvigor \x1b[32mFinished ::DuplicateDependencyCheck... after 1 ms \x1b[39m\n> hvigor \x1b[32mFinished :entry:default@CreateModuleInfo... after 1 ms \x1b[39m\n> hvigor \x1b[32mUP-TO-DATE :entry:default@GenerateMetadata...  \x1b[39m\n> hvigor \x1b[32mFinished :entry:default@PreCheckSyscap... after 1 ms \x1b[39m\n> hvigor \x1b[32mUP-TO-DATE :entry:default@GeneratePkgContextInfo...  \x1b[39m\n> hvigor \x1b[32mFinished :entry:default@ProcessIntegratedHsp... after 3 ms \x1b[39m\n> hvigor \x1b[32mUP-TO-DATE :library:default@CreateHarBuildProfile...  \x1b[39m\n> hvigor \x1b[32mFinished :library:default@ConfigureCmake... after 1 ms \x1b[39m\n> hvigor \x1b[32mUP-TO-DATE :library:default@MergeProfile...  \x1b[39m\n> hvigor \x1b[32mFinished :entry:default@SyscapTransform... after 1 ms \x1b[39m\n> hvigor \x1b[32mUP-TO-DATE :entry:default@ProcessRouterMap...  \x1b[39m\n> hvigor \x1b[32mFinished :entry:default@ProcessStartupConfig... after 1 ms \x1b[39m\n> hvigor \x1b[32mUP-TO-DATE :entry:default@CreateBuildProfile...  \x1b[39m\n> hvigor \x1b[32mFinished :library:default@BuildNativeWithCmake... after 1 ms \x1b[39m\n> hvigor \x1b[32mUP-TO-DATE :entry:default@MergeProfile...  \x1b[39m\n> hvigor \x1b[32mUP-TO-DATE :entry:default@GenerateLoaderJson...  \x1b[39m\n> hvigor \x1b[32mFinished :entry:default@ConfigureCmake... after 1 ms \x1b[39m\n> hvigor \x1b[32mFinished :library:default@BuildNativeWithNinja... after 1 ms \x1b[39m\n> hvigor \x1b[32mUP-TO-DATE :entry:default@MakePackInfo...  \x1b[39m\n> hvigor \x1b[32mUP-TO-DATE :entry:default@ProcessProfile...  \x1b[39m\n> hvigor \x1b[32mFinished :entry:default@BuildNativeWithCmake... after 1 ms \x1b[39m\n> hvigor \x1b[32mUP-TO-DATE :library:default@ProcessLibs...  \x1b[39m\n> hvigor \x1b[32mUP-TO-DATE :entry:default@ProcessResource...  \x1b[39m\n> hvigor \x1b[32mUP-TO-DATE :library:default@DoNativeStrip...  \x1b[39m\n> hvigor \x1b[32mUP-TO-DATE :entry:default@CompileResource...  \x1b[39m\n> hvigor \x1b[32mFinished :entry:default@BuildNativeWithNinja... after 1 ms \x1b[39m\n> hvigor \x1b[32mFinished :entry:default@BuildJS... after 2 ms \x1b[39m\n> hvigor \x1b[32mUP-TO-DATE :entry:default@ProcessLibs...  \x1b[39m\n> hvigor \x1b[32mUP-TO-DATE :entry:default@DoNativeStrip...  \x1b[39m\n> hvigor \x1b[32mUP-TO-DATE :entry:default@CacheNativeLibs...  \x1b[39m\n\x1b[33m "@ohos/arkui" is imported by "entry/src/main/ets/pages/Index.ets", but could not be resolved â€“ treating it as an external dependency. \x1b[39m\n\x1b[33m "@ohos/common" is imported by "entry/src/main/ets/pages/Index.ets", but could not be resolved â€“ treating it as an external dependency. \x1b[39m\n> hvigor \x1b[91mERROR: Failed :entry:default@CompileArkTS... \x1b[39m\n> hvigor \x1b[91mERROR: ArkTS Compiler Error\n\x1b[31m1 ERROR: \x1b[31m10505001 ArkTS Compiler Error\nError Message: Cannot find module \'@ohos/arkui\' or its corresponding type declarations. At File: /home/deepsearch/deep-searcher/MyApplication2/entry/src/main/ets/pages/Index.ets:2:52\n\x1b[39m\n\x1b[39m\n\x1b[31m2 ERROR: \x1b[31m10505001 ArkTS Compiler Error\nError Message: Cannot find module \'@ohos/common\' or its corresponding type declarations. At File: /home/deepsearch/deep-searcher/MyApplication2/entry/src/main/ets/pages/Index.ets:3:23\n\x1b[39m\n\x1b[39m\n\x1b[31m3 ERROR: \x1b[31m10505001 ArkTS Compiler Error\nError Message: Expected 0 arguments, but got 1. At File: /home/deepsearch/deep-searcher/MyApplication2/entry/src/main/ets/pages/Index.ets:14:55\n\x1b[39m\n\x1b[39m\n\x1b[31m4 ERROR: \x1b[31m10505001 ArkTS Compiler Error\nError Message: Argument of type \'{ onClick: () => void; }\' is not assignable to parameter of type \'{ readonly config?: ImagePreviewConfig; readonly swiperConfig?: ImagePreviewSwiperConfig; imageBuilder?: CustomBuilder; readonly state?: ImagePreviewState; readonly viewModel?: ImagePreviewViewModel; readonly imagePreviewGesture?: ImagePreviewGesture; }\'.\n  Object literal may only specify known properties, and \'onClick\' does not exist in type \'{ readonly config?: ImagePreviewConfig; readonly swiperConfig?: ImagePreviewSwiperConfig; imageBuilder?: CustomBuilder; readonly state?: ImagePreviewState; readonly viewModel?: ImagePreviewViewModel; readonly imagePreviewGesture?: ImagePreviewGesture; }\'. At File: /home/deepsearch/deep-searcher/MyApplication2/entry/src/main/ets/pages/Index.ets:35:9\n\x1b[39m\n\x1b[39m\n\x1b[31m5 ERROR: \x1b[31m10505001 ArkTS Compiler Error\nError Message: Cannot assign to \'indicatorCount\' because it is a read-only property. At File: /home/deepsearch/deep-searcher/MyApplication2/entry/src/main/ets/pages/Index.ets:65:25\n\x1b[39m\n\x1b[39m\n\x1b[31m6 ERROR: \x1b[31m10505001 ArkTS Compiler Error\nError Message: Argument of type \'{ config: ImagePreviewConfig; data: this; builder: (data: Index) => void; }\' is not assignable to parameter of type \'{ readonly listScroller?: ListScroller; imagesBuilder?: Function; readonly data?: Object; readonly config?: ImagePreviewConfig; readonly swiperConfig?: ImagePreviewSwiperConfig; }\'.\n  Object literal may only specify known properties, and \'builder\' does not exist in type \'{ readonly listScroller?: ListScroller; imagesBuilder?: Function; readonly data?: Object; readonly config?: ImagePreviewConfig; readonly swiperConfig?: ImagePreviewSwiperConfig; }\'. At File: /home/deepsearch/deep-searcher/MyApplication2/entry/src/main/ets/pages/Index.ets:75:11\n\x1b[39m\n\x1b[39m\n\x1b[31mCOMPILE RESULT:FAIL {ERROR:7}\x1b[39m\x1b[39m\n> hvigor \x1b[91mERROR: BUILD FAILED in 6 s 89 ms \x1b[39m\n'}, {'file_path': 'unknown', 'error_type': 'compile', 'message': '', 'line': None, 'column': None, 'severity': 'error', 'raw_output': '> hvigor \x1b[32mFinished ::PreBuildApp... after 1 ms \x1b[39m\n> hvigor \x1b[32mUP-TO-DATE :entry:default@PreBuild...  \x1b[39m\n> hvigor \x1b[32mUP-TO-DATE :library:default@PreBuild...  \x1b[39m\n> hvigor \x1b[32mFinished ::DuplicateDependencyCheck... after 1 ms \x1b[39m\n> hvigor \x1b[32mFinished :entry:default@CreateModuleInfo... after 1 ms \x1b[39m\n> hvigor \x1b[32mUP-TO-DATE :entry:default@GenerateMetadata...  \x1b[39m\n> hvigor \x1b[32mFinished :entry:default@PreCheckSyscap... after 1 ms \x1b[39m\n> hvigor \x1b[32mUP-TO-DATE :entry:default@GeneratePkgContextInfo...  \x1b[39m\n> hvigor \x1b[32mFinished :entry:default@ProcessIntegratedHsp... after 3 ms \x1b[39m\n> hvigor \x1b[32mUP-TO-DATE :library:default@CreateHarBuildProfile...  \x1b[39m\n> hvigor \x1b[32mFinished :library:default@ConfigureCmake... after 1 ms \x1b[39m\n> hvigor \x1b[32mUP-TO-DATE :library:default@MergeProfile...  \x1b[39m\n> hvigor \x1b[32mFinished :entry:default@SyscapTransform... after 1 ms \x1b[39m\n> hvigor \x1b[32mUP-TO-DATE :entry:default@ProcessRouterMap...  \x1b[39m\n> hvigor \x1b[32mFinished :entry:default@ProcessStartupConfig... after 1 ms \x1b[39m\n> hvigor \x1b[32mUP-TO-DATE :entry:default@CreateBuildProfile...  \x1b[39m\n> hvigor \x1b[32mFinished :library:default@BuildNativeWithCmake... after 1 ms \x1b[39m\n> hvigor \x1b[32mUP-TO-DATE :entry:default@MergeProfile...  \x1b[39m\n> hvigor \x1b[32mUP-TO-DATE :entry:default@GenerateLoaderJson...  \x1b[39m\n> hvigor \x1b[32mFinished :entry:default@ConfigureCmake... after 1 ms \x1b[39m\n> hvigor \x1b[32mFinished :library:default@BuildNativeWithNinja... after 1 ms \x1b[39m\n> hvigor \x1b[32mUP-TO-DATE :entry:default@MakePackInfo...  \x1b[39m\n> hvigor \x1b[32mUP-TO-DATE :entry:default@ProcessProfile...  \x1b[39m\n> hvigor \x1b[32mFinished :entry:default@BuildNativeWithCmake... after 1 ms \x1b[39m\n> hvigor \x1b[32mUP-TO-DATE :library:default@ProcessLibs...  \x1b[39m\n> hvigor \x1b[32mUP-TO-DATE :entry:default@ProcessResource...  \x1b[39m\n> hvigor \x1b[32mUP-TO-DATE :library:default@DoNativeStrip...  \x1b[39m\n> hvigor \x1b[32mUP-TO-DATE :entry:default@CompileResource...  \x1b[39m\n> hvigor \x1b[32mFinished :entry:default@BuildNativeWithNinja... after 1 ms \x1b[39m\n> hvigor \x1b[32mFinished :entry:default@BuildJS... after 2 ms \x1b[39m\n> hvigor \x1b[32mUP-TO-DATE :entry:default@ProcessLibs...  \x1b[39m\n> hvigor \x1b[32mUP-TO-DATE :entry:default@DoNativeStrip...  \x1b[39m\n> hvigor \x1b[32mUP-TO-DATE :entry:default@CacheNativeLibs...  \x1b[39m\n\x1b[33m "@ohos/arkui" is imported by "entry/src/main/ets/pages/Index.ets", but could not be resolved â€“ treating it as an external dependency. \x1b[39m\n\x1b[33m "@ohos/common" is imported by "entry/src/main/ets/pages/Index.ets", but could not be resolved â€“ treating it as an external dependency. \x1b[39m\n> hvigor \x1b[91mERROR: Failed :entry:default@CompileArkTS... \x1b[39m\n> hvigor \x1b[91mERROR: ArkTS Compiler Error\n\x1b[31m1 ERROR: \x1b[31m10505001 ArkTS Compiler Error\nError Message: Cannot find module \'@ohos/arkui\' or its corresponding type declarations. At File: /home/deepsearch/deep-searcher/MyApplication2/entry/src/main/ets/pages/Index.ets:2:52\n\x1b[39m\n\x1b[39m\n\x1b[31m2 ERROR: \x1b[31m10505001 ArkTS Compiler Error\nError Message: Cannot find module \'@ohos/common\' or its corresponding type declarations. At File: /home/deepsearch/deep-searcher/MyApplication2/entry/src/main/ets/pages/Index.ets:3:23\n\x1b[39m\n\x1b[39m\n\x1b[31m3 ERROR: \x1b[31m10505001 ArkTS Compiler Error\nError Message: Expected 0 arguments, but got 1. At File: /home/deepsearch/deep-searcher/MyApplication2/entry/src/main/ets/pages/Index.ets:14:55\n\x1b[39m\n\x1b[39m\n\x1b[31m4 ERROR: \x1b[31m10505001 ArkTS Compiler Error\nError Message: Argument of type \'{ onClick: () => void; }\' is not assignable to parameter of type \'{ readonly config?: ImagePreviewConfig; readonly swiperConfig?: ImagePreviewSwiperConfig; imageBuilder?: CustomBuilder; readonly state?: ImagePreviewState; readonly viewModel?: ImagePreviewViewModel; readonly imagePreviewGesture?: ImagePreviewGesture; }\'.\n  Object literal may only specify known properties, and \'onClick\' does not exist in type \'{ readonly config?: ImagePreviewConfig; readonly swiperConfig?: ImagePreviewSwiperConfig; imageBuilder?: CustomBuilder; readonly state?: ImagePreviewState; readonly viewModel?: ImagePreviewViewModel; readonly imagePreviewGesture?: ImagePreviewGesture; }\'. At File: /home/deepsearch/deep-searcher/MyApplication2/entry/src/main/ets/pages/Index.ets:35:9\n\x1b[39m\n\x1b[39m\n\x1b[31m5 ERROR: \x1b[31m10505001 ArkTS Compiler Error\nError Message: Cannot assign to \'indicatorCount\' because it is a read-only property. At File: /home/deepsearch/deep-searcher/MyApplication2/entry/src/main/ets/pages/Index.ets:65:25\n\x1b[39m\n\x1b[39m\n\x1b[31m6 ERROR: \x1b[31m10505001 ArkTS Compiler Error\nError Message: Argument of type \'{ config: ImagePreviewConfig; data: this; builder: (data: Index) => void; }\' is not assignable to parameter of type \'{ readonly listScroller?: ListScroller; imagesBuilder?: Function; readonly data?: Object; readonly config?: ImagePreviewConfig; readonly swiperConfig?: ImagePreviewSwiperConfig; }\'.\n  Object literal may only specify known properties, and \'builder\' does not exist in type \'{ readonly listScroller?: ListScroller; imagesBuilder?: Function; readonly data?: Object; readonly config?: ImagePreviewConfig; readonly swiperConfig?: ImagePreviewSwiperConfig; }\'. At File: /home/deepsearch/deep-searcher/MyApplication2/entry/src/main/ets/pages/Index.ets:75:11\n\x1b[39m\n\x1b[39m\n\x1b[31mCOMPILE RESULT:FAIL {ERROR:7}\x1b[39m\x1b[39m\n> hvigor \x1b[91mERROR: BUILD FAILED in 6 s 89 ms \x1b[39m\n'}]
INFO:mcp.coordinator:  has_unresolved_errors: True

================================================================================
ğŸ“ å¤„ç†ç»“æœ
â±ï¸ å¤„ç†æ—¶é—´: 133.23ç§’
ğŸ”§ å·¥ä½œæµç±»å‹: é¸¿è’™å¼€å‘ä¸“ç”¨
================================================================================

ğŸ¯ é¸¿è’™å·¥ä½œæµæ‰§è¡Œç»“æœ:
   çŠ¶æ€: âš ï¸ å®Œæˆä½†æœ‰é”™è¯¯
   ä¿®å¤å¾ªç¯æ¬¡æ•°: 0
   ä¿®å¤é”™è¯¯æ•°é‡: 0
   [DEBUG] å®é™…çŠ¶æ€å€¼: completed_with_errors
   [DEBUG] åŸå§‹ç»“æœé”®: ['workflow_name', 'session_id', 'status', 'result', 'loop_count', 'total_errors_fixed', 'has_unresolved_errors']
   [DEBUG] å·¥ä½œæµç»“æœçŠ¶æ€: success
   [DEBUG] å·¥ä½œæµå®Œæˆ: False
   [DEBUG] ç”Ÿæˆæ–‡ä»¶æ•°: 1

ğŸ“ è¯´æ˜:
   - ä»£ç å·²ç”Ÿæˆåˆ° MyApplication2/ ç›®å½•
   - å·²é€šè¿‡ codelinter é™æ€æ£€æŸ¥
   - å·²é€šè¿‡ hvigorw ç¼–è¯‘éªŒè¯
   - å»ºè®®åœ¨å®é™…ä½¿ç”¨å‰è¿›è¡ŒåŠŸèƒ½æµ‹è¯•